TN:
SF:src\App.tsx
FN:1,App
FNF:1
FNH:0
FNDA:0,App
DA:2,0
DA:5,0
LF:2
LH:0
BRF:0
BRH:0
end_of_record
TN:
SF:src\i18n.ts
FNF:0
FNH:0
DA:1,0
DA:2,0
DA:3,0
DA:5,0
DA:7,0
DA:12,0
LF:6
LH:0
BRF:0
BRH:0
end_of_record
TN:
SF:src\main.tsx
FNF:0
FNH:0
DA:1,0
DA:2,0
DA:3,0
DA:4,0
DA:5,0
DA:6,0
DA:7,0
DA:8,0
DA:9,0
DA:10,0
DA:11,0
DA:12,0
DA:14,0
LF:13
LH:0
BRF:0
BRH:0
end_of_record
TN:
SF:src\vite-env.d.ts
FNF:0
FNH:0
LF:0
LH:0
BRF:0
BRH:0
end_of_record
TN:
SF:src\api\Endpoint.tsx
FNF:0
FNH:0
DA:1,2
DA:4,2
LF:2
LH:2
BRF:0
BRH:0
end_of_record
TN:
SF:src\api\services\AccountService.tsx
FN:10,(anonymous_0)
FN:19,(anonymous_1)
FN:25,(anonymous_2)
FNF:3
FNH:0
FNDA:0,(anonymous_0)
FNDA:0,(anonymous_1)
FNDA:0,(anonymous_2)
DA:1,0
DA:3,0
DA:6,0
DA:9,0
DA:10,0
DA:11,0
DA:15,0
DA:18,0
DA:19,0
DA:20,0
DA:24,0
DA:25,0
DA:26,0
DA:30,0
LF:14
LH:0
BRF:0
BRH:0
end_of_record
TN:
SF:src\api\services\AuthService.tsx
FNF:0
FNH:0
DA:1,0
DA:3,0
DA:6,0
DA:9,0
DA:12,0
DA:15,0
DA:18,0
DA:21,0
LF:8
LH:0
BRF:0
BRH:0
end_of_record
TN:
SF:src\api\services\BudgetService.tsx
FN:15,(anonymous_0)
FN:21,(anonymous_1)
FN:30,(anonymous_2)
FN:36,(anonymous_3)
FN:58,(anonymous_4)
FN:64,(anonymous_5)
FN:70,(anonymous_6)
FN:76,(anonymous_7)
FN:98,(anonymous_8)
FN:104,(anonymous_9)
FN:110,(anonymous_10)
FNF:11
FNH:0
FNDA:0,(anonymous_0)
FNDA:0,(anonymous_1)
FNDA:0,(anonymous_2)
FNDA:0,(anonymous_3)
FNDA:0,(anonymous_4)
FNDA:0,(anonymous_5)
FNDA:0,(anonymous_6)
FNDA:0,(anonymous_7)
FNDA:0,(anonymous_8)
FNDA:0,(anonymous_9)
FNDA:0,(anonymous_10)
DA:1,0
DA:5,0
DA:8,0
DA:11,0
DA:14,0
DA:15,0
DA:16,0
DA:20,0
DA:21,0
DA:22,0
DA:26,0
DA:29,0
DA:30,0
DA:31,0
DA:35,0
DA:36,0
DA:37,0
DA:41,0
DA:45,0
DA:48,0
DA:51,0
DA:54,0
DA:57,0
DA:58,0
DA:59,0
DA:63,0
DA:64,0
DA:65,0
DA:69,0
DA:70,0
DA:71,0
DA:75,0
DA:76,0
DA:77,0
DA:81,0
DA:85,0
DA:88,0
DA:91,0
DA:94,0
DA:97,0
DA:98,0
DA:99,0
DA:103,0
DA:104,0
DA:105,0
DA:109,0
DA:110,0
DA:111,0
DA:115,0
LF:49
LH:0
BRF:0
BRH:0
end_of_record
TN:
SF:src\api\services\CreditScoreService.tsx
FNF:0
FNH:0
DA:1,0
DA:3,0
DA:6,0
DA:9,0
DA:12,0
DA:15,0
DA:18,0
DA:21,0
LF:8
LH:0
BRF:0
BRH:0
end_of_record
TN:
SF:src\api\services\TaxService.tsx
FN:9,(anonymous_0)
FN:22,(anonymous_1)
FN:37,(anonymous_2)
FN:51,(anonymous_3)
FN:57,(anonymous_4)
FN:66,(anonymous_5)
FN:72,(anonymous_6)
FN:78,(anonymous_7)
FN:84,(anonymous_8)
FN:90,(anonymous_9)
FN:96,(anonymous_10)
FN:102,(anonymous_11)
FN:114,(anonymous_12)
FN:124,(anonymous_13)
FN:136,(anonymous_14)
FN:149,(anonymous_15)
FN:161,(anonymous_16)
FN:167,(anonymous_17)
FN:173,(anonymous_18)
FN:179,(anonymous_19)
FNF:20
FNH:0
FNDA:0,(anonymous_0)
FNDA:0,(anonymous_1)
FNDA:0,(anonymous_2)
FNDA:0,(anonymous_3)
FNDA:0,(anonymous_4)
FNDA:0,(anonymous_5)
FNDA:0,(anonymous_6)
FNDA:0,(anonymous_7)
FNDA:0,(anonymous_8)
FNDA:0,(anonymous_9)
FNDA:0,(anonymous_10)
FNDA:0,(anonymous_11)
FNDA:0,(anonymous_12)
FNDA:0,(anonymous_13)
FNDA:0,(anonymous_14)
FNDA:0,(anonymous_15)
FNDA:0,(anonymous_16)
FNDA:0,(anonymous_17)
FNDA:0,(anonymous_18)
FNDA:0,(anonymous_19)
DA:1,0
DA:5,0
DA:8,0
DA:9,0
DA:10,0
DA:14,0
DA:18,0
DA:21,0
DA:22,0
DA:23,0
DA:27,0
DA:30,0
DA:33,0
DA:36,0
DA:37,0
DA:38,0
DA:43,0
DA:47,0
DA:50,0
DA:51,0
DA:52,0
DA:56,0
DA:57,0
DA:58,0
DA:62,0
DA:65,0
DA:66,0
DA:67,0
DA:71,0
DA:72,0
DA:73,0
DA:77,0
DA:78,0
DA:79,0
DA:83,0
DA:84,0
DA:85,0
DA:89,0
DA:90,0
DA:91,0
DA:95,0
DA:96,0
DA:97,0
DA:101,0
DA:102,0
DA:103,0
DA:107,0
DA:110,0
DA:113,0
DA:114,0
DA:115,0
DA:120,0
DA:123,0
DA:124,0
DA:125,0
DA:129,0
DA:132,0
DA:135,0
DA:136,0
DA:137,0
DA:142,0
DA:145,0
DA:148,0
DA:149,0
DA:150,0
DA:154,0
DA:157,0
DA:160,0
DA:161,0
DA:162,0
DA:166,0
DA:167,0
DA:168,0
DA:172,0
DA:173,0
DA:174,0
DA:178,0
DA:179,0
DA:180,0
LF:79
LH:0
BRF:0
BRH:0
end_of_record
TN:
SF:src\api\services\TransactionService.tsx
FN:16,(anonymous_0)
FN:25,(anonymous_1)
FN:31,(anonymous_2)
FNF:3
FNH:0
FNDA:0,(anonymous_0)
FNDA:0,(anonymous_1)
FNDA:0,(anonymous_2)
DA:1,0
DA:3,0
DA:6,0
DA:9,0
DA:12,0
DA:15,0
DA:16,0
DA:17,0
DA:21,0
DA:24,0
DA:25,0
DA:26,0
DA:30,0
DA:31,0
DA:32,0
LF:15
LH:0
BRF:0
BRH:0
end_of_record
TN:
SF:src\api\services\UserService.tsx
FNF:0
FNH:0
DA:1,0
DA:3,0
DA:5,0
DA:6,0
DA:7,0
DA:8,0
DA:9,0
LF:7
LH:0
BRF:0
BRH:0
end_of_record
TN:
SF:src\components\CategoryIcon.tsx
FN:33,(anonymous_0)
FNF:1
FNH:0
FNDA:0,(anonymous_0)
DA:2,1
DA:3,1
DA:5,1
DA:16,1
DA:33,1
DA:34,0
DA:35,0
DA:38,1
LF:8
LH:6
BRF:0
BRH:0
end_of_record
TN:
SF:src\components\LandingFooter.tsx
FN:5,(anonymous_1)
FNF:1
FNH:0
FNDA:0,(anonymous_1)
DA:2,0
DA:3,0
DA:5,0
DA:6,0
DA:92,0
LF:5
LH:0
BRF:0
BRH:0
end_of_record
TN:
SF:src\components\LandingHeader.tsx
FN:16,(anonymous_1)
FN:24,(anonymous_2)
FN:37,(anonymous_3)
FN:37,(anonymous_4)
FN:43,(anonymous_5)
FN:43,(anonymous_6)
FNF:6
FNH:0
FNDA:0,(anonymous_1)
FNDA:0,(anonymous_2)
FNDA:0,(anonymous_3)
FNDA:0,(anonymous_4)
FNDA:0,(anonymous_5)
FNDA:0,(anonymous_6)
DA:1,0
DA:2,0
DA:3,0
DA:4,0
DA:5,0
DA:7,0
DA:16,0
DA:17,0
DA:18,0
DA:20,0
DA:24,0
DA:29,0
DA:37,0
DA:43,0
DA:50,0
LF:15
LH:0
BRDA:41,0,0,0
BRDA:41,0,1,0
BRF:2
BRH:0
end_of_record
TN:
SF:src\components\NavBar.tsx
FN:13,(anonymous_1)
FN:80,(anonymous_2)
FN:117,(anonymous_3)
FN:124,(anonymous_4)
FN:132,(anonymous_5)
FNF:5
FNH:0
FNDA:0,(anonymous_1)
FNDA:0,(anonymous_2)
FNDA:0,(anonymous_3)
FNDA:0,(anonymous_4)
FNDA:0,(anonymous_5)
DA:1,0
DA:2,0
DA:3,0
DA:4,0
DA:5,0
DA:7,0
DA:8,0
DA:9,0
DA:10,0
DA:11,0
DA:13,0
DA:14,0
DA:15,0
DA:17,0
DA:19,0
DA:21,0
DA:60,0
DA:73,0
DA:81,0
DA:118,0
DA:124,0
DA:132,0
DA:142,0
LF:23
LH:0
BRDA:93,0,0,0
BRDA:93,0,1,0
BRDA:98,1,0,0
BRDA:98,1,1,0
BRDA:99,2,0,0
BRDA:99,2,1,0
BRDA:120,3,0,0
BRDA:120,3,1,0
BRF:8
BRH:0
end_of_record
TN:
SF:src\components\Settings\Languages.tsx
FN:9,(anonymous_0)
FN:26,(anonymous_1)
FN:37,(anonymous_2)
FNF:3
FNH:0
FNDA:0,(anonymous_0)
FNDA:0,(anonymous_1)
FNDA:0,(anonymous_2)
DA:1,0
DA:2,0
DA:3,0
DA:9,0
DA:10,0
DA:11,0
DA:12,0
DA:15,0
DA:27,0
DA:28,0
DA:29,0
DA:38,0
DA:39,0
DA:40,0
DA:49,0
LF:15
LH:0
BRF:0
BRH:0
end_of_record
TN:
SF:src\components\Settings\Profile.tsx
FN:10,(anonymous_0)
FN:18,(anonymous_1)
FN:48,(anonymous_2)
FN:49,(anonymous_3)
FN:51,(anonymous_4)
FN:112,(anonymous_5)
FN:119,(anonymous_6)
FN:126,(anonymous_7)
FNF:8
FNH:0
FNDA:0,(anonymous_0)
FNDA:0,(anonymous_1)
FNDA:0,(anonymous_2)
FNDA:0,(anonymous_3)
FNDA:0,(anonymous_4)
FNDA:0,(anonymous_5)
FNDA:0,(anonymous_6)
FNDA:0,(anonymous_7)
DA:3,0
DA:4,0
DA:5,0
DA:6,0
DA:7,0
DA:8,0
DA:10,0
DA:11,0
DA:12,0
DA:14,0
DA:15,0
DA:16,0
DA:18,0
DA:19,0
DA:21,0
DA:23,0
DA:25,0
DA:27,0
DA:28,0
DA:39,0
DA:43,0
DA:44,0
DA:49,0
DA:50,0
DA:51,0
DA:54,0
DA:55,0
DA:56,0
DA:57,0
DA:58,0
DA:59,0
DA:60,0
DA:62,0
DA:65,0
DA:70,0
DA:112,0
DA:119,0
DA:126,0
DA:132,0
LF:39
LH:0
BRDA:21,0,0,0
BRDA:43,1,0,0
BRDA:43,2,0,0
BRDA:43,2,1,0
BRDA:49,3,0,0
BRDA:49,3,1,0
BRDA:54,4,0,0
BRDA:54,4,1,0
BRDA:54,5,0,0
BRDA:54,5,1,0
BRDA:58,6,0,0
BRDA:58,6,1,0
BRDA:80,7,0,0
BRDA:80,7,1,0
BRDA:88,8,0,0
BRDA:88,8,1,0
BRDA:99,9,0,0
BRDA:99,9,1,0
BRDA:102,10,0,0
BRDA:102,10,1,0
BRDA:110,11,0,0
BRDA:110,11,1,0
BRDA:113,12,0,0
BRDA:113,12,1,0
BRDA:118,13,0,0
BRDA:118,13,1,0
BRDA:120,14,0,0
BRDA:120,14,1,0
BRF:28
BRH:0
end_of_record
TN:
SF:src\components\TransactionsTable\TransactionsTable.tsx
FN:28,(anonymous_0)
FN:51,(anonymous_1)
FNF:2
FNH:0
FNDA:0,(anonymous_0)
FNDA:0,(anonymous_1)
DA:4,0
DA:5,0
DA:17,0
DA:28,0
DA:31,0
DA:33,0
DA:52,0
DA:76,0
LF:8
LH:0
BRF:0
BRH:0
end_of_record
TN:
SF:src\contexts\AuthenticationContext.tsx
FN:21,(anonymous_1)
FN:22,(anonymous_2)
FN:25,(anonymous_3)
FN:28,(anonymous_4)
FN:35,(anonymous_5)
FN:50,(anonymous_6)
FN:58,(anonymous_7)
FN:59,(anonymous_8)
FN:62,(anonymous_9)
FN:66,(anonymous_10)
FN:70,(anonymous_11)
FN:84,(anonymous_12)
FNF:12
FNH:0
FNDA:0,(anonymous_1)
FNDA:0,(anonymous_2)
FNDA:0,(anonymous_3)
FNDA:0,(anonymous_4)
FNDA:0,(anonymous_5)
FNDA:0,(anonymous_6)
FNDA:0,(anonymous_7)
FNDA:0,(anonymous_8)
FNDA:0,(anonymous_9)
FNDA:0,(anonymous_10)
FNDA:0,(anonymous_11)
FNDA:0,(anonymous_12)
DA:3,0
DA:5,0
DA:6,0
DA:18,0
DA:28,0
DA:29,0
DA:30,0
DA:31,0
DA:32,0
DA:35,0
DA:36,0
DA:38,0
DA:39,0
DA:40,0
DA:41,0
DA:43,0
DA:47,0
DA:50,0
DA:51,0
DA:52,0
DA:53,0
DA:54,0
DA:57,0
DA:59,0
DA:60,0
DA:62,0
DA:66,0
DA:67,0
DA:70,0
DA:71,0
DA:72,0
DA:73,0
DA:76,0
DA:84,0
DA:85,0
LF:35
LH:0
BRDA:36,0,0,0
BRDA:39,1,0,0
BRDA:39,1,1,0
BRDA:51,2,0,0
BRDA:59,3,0,0
BRDA:59,3,1,0
BRF:6
BRH:0
end_of_record
TN:
SF:src\layouts\AppLayout.tsx
FN:5,(anonymous_1)
FNF:1
FNH:0
FNDA:0,(anonymous_1)
DA:1,0
DA:2,0
DA:3,0
DA:5,0
DA:6,0
DA:18,0
LF:6
LH:0
BRF:0
BRH:0
end_of_record
TN:
SF:src\layouts\LandingLayout.tsx
FN:4,(anonymous_1)
FNF:1
FNH:0
FNDA:0,(anonymous_1)
DA:1,0
DA:2,0
DA:3,0
DA:4,0
DA:5,0
DA:19,0
LF:6
LH:0
BRF:0
BRH:0
end_of_record
TN:
SF:src\pages\Root.tsx
FN:9,(anonymous_1)
FN:15,(anonymous_2)
FN:19,(anonymous_3)
FN:22,(anonymous_4)
FN:25,(anonymous_5)
FNF:5
FNH:0
FNDA:0,(anonymous_1)
FNDA:0,(anonymous_2)
FNDA:0,(anonymous_3)
FNDA:0,(anonymous_4)
FNDA:0,(anonymous_5)
DA:1,0
DA:2,0
DA:3,0
DA:4,0
DA:5,0
DA:7,0
DA:9,0
DA:11,0
DA:12,0
DA:15,0
DA:16,0
DA:20,0
DA:23,0
DA:26,0
DA:30,0
DA:37,0
LF:16
LH:0
BRF:0
BRH:0
end_of_record
TN:
SF:src\pages\Accounts\AccountModal.tsx
FN:29,(anonymous_6)
FN:40,(anonymous_7)
FN:70,(anonymous_8)
FN:71,(anonymous_9)
FN:74,(anonymous_10)
FN:77,(anonymous_11)
FN:81,(anonymous_12)
FN:87,(anonymous_13)
FNF:8
FNH:0
FNDA:0,(anonymous_6)
FNDA:0,(anonymous_7)
FNDA:0,(anonymous_8)
FNDA:0,(anonymous_9)
FNDA:0,(anonymous_10)
FNDA:0,(anonymous_11)
FNDA:0,(anonymous_12)
FNDA:0,(anonymous_13)
DA:3,0
DA:18,0
DA:19,0
DA:20,0
DA:21,0
DA:23,0
DA:29,0
DA:30,0
DA:31,0
DA:33,0
DA:34,0
DA:36,0
DA:37,0
DA:38,0
DA:40,0
DA:41,0
DA:43,0
DA:44,0
DA:46,0
DA:49,0
DA:63,0
DA:65,0
DA:70,0
DA:72,0
DA:73,0
DA:74,0
DA:75,0
DA:77,0
DA:81,0
DA:82,0
DA:83,0
DA:87,0
DA:88,0
DA:91,0
DA:201,0
LF:35
LH:0
BRDA:44,0,0,0
BRDA:82,1,0,0
BRDA:82,2,0,0
BRDA:82,2,1,0
BRDA:104,3,0,0
BRDA:104,3,1,0
BRDA:140,4,0,0
BRDA:140,4,1,0
BRDA:157,5,0,0
BRDA:157,5,1,0
BRF:10
BRH:0
end_of_record
TN:
SF:src\pages\Accounts\Accounts.tsx
FN:18,(anonymous_1)
FN:26,(anonymous_2)
FN:28,(anonymous_3)
FN:30,(anonymous_4)
FN:30,(anonymous_5)
FN:32,(anonymous_6)
FN:36,(anonymous_7)
FN:40,(anonymous_8)
FN:42,(anonymous_9)
FN:47,(anonymous_10)
FN:52,(anonymous_11)
FN:55,(anonymous_12)
FN:56,(anonymous_13)
FN:59,(anonymous_14)
FN:62,(anonymous_15)
FN:62,(anonymous_16)
FN:65,(anonymous_17)
FN:68,(anonymous_18)
FN:68,(anonymous_19)
FN:89,(anonymous_20)
FN:90,(anonymous_21)
FN:124,(anonymous_22)
FN:146,(anonymous_23)
FN:194,(anonymous_24)
FN:195,(anonymous_25)
FN:207,(anonymous_26)
FN:229,(anonymous_27)
FN:230,(anonymous_28)
FN:242,(anonymous_29)
FN:267,(anonymous_30)
FN:268,(anonymous_31)
FN:280,(anonymous_32)
FN:302,(anonymous_33)
FN:303,(anonymous_34)
FN:315,(anonymous_35)
FNF:35
FNH:0
FNDA:0,(anonymous_1)
FNDA:0,(anonymous_2)
FNDA:0,(anonymous_3)
FNDA:0,(anonymous_4)
FNDA:0,(anonymous_5)
FNDA:0,(anonymous_6)
FNDA:0,(anonymous_7)
FNDA:0,(anonymous_8)
FNDA:0,(anonymous_9)
FNDA:0,(anonymous_10)
FNDA:0,(anonymous_11)
FNDA:0,(anonymous_12)
FNDA:0,(anonymous_13)
FNDA:0,(anonymous_14)
FNDA:0,(anonymous_15)
FNDA:0,(anonymous_16)
FNDA:0,(anonymous_17)
FNDA:0,(anonymous_18)
FNDA:0,(anonymous_19)
FNDA:0,(anonymous_20)
FNDA:0,(anonymous_21)
FNDA:0,(anonymous_22)
FNDA:0,(anonymous_23)
FNDA:0,(anonymous_24)
FNDA:0,(anonymous_25)
FNDA:0,(anonymous_26)
FNDA:0,(anonymous_27)
FNDA:0,(anonymous_28)
FNDA:0,(anonymous_29)
FNDA:0,(anonymous_30)
FNDA:0,(anonymous_31)
FNDA:0,(anonymous_32)
FNDA:0,(anonymous_33)
FNDA:0,(anonymous_34)
FNDA:0,(anonymous_35)
DA:3,0
DA:4,0
DA:6,0
DA:7,0
DA:8,0
DA:9,0
DA:10,0
DA:11,0
DA:12,0
DA:14,0
DA:16,0
DA:18,0
DA:19,0
DA:20,0
DA:22,0
DA:23,0
DA:24,0
DA:26,0
DA:27,0
DA:29,0
DA:30,0
DA:32,0
DA:36,0
DA:37,0
DA:39,0
DA:41,0
DA:42,0
DA:43,0
DA:44,0
DA:47,0
DA:48,0
DA:52,0
DA:55,0
DA:56,0
DA:59,0
DA:60,0
DA:62,0
DA:65,0
DA:66,0
DA:68,0
DA:71,0
DA:73,0
DA:89,0
DA:90,0
DA:124,0
DA:146,0
DA:194,0
DA:196,0
DA:207,0
DA:229,0
DA:231,0
DA:242,0
DA:267,0
DA:269,0
DA:280,0
DA:302,0
DA:304,0
DA:315,0
DA:388,0
LF:59
LH:0
BRDA:29,0,0,0
BRDA:29,1,0,0
BRDA:29,1,1,0
BRDA:30,2,0,0
BRDA:30,2,1,0
BRDA:37,3,0,0
BRDA:41,4,0,0
BRDA:41,4,1,0
BRDA:56,5,0,0
BRDA:56,5,1,0
BRDA:60,6,0,0
BRDA:66,7,0,0
BRDA:77,8,0,0
BRDA:77,8,1,0
BRDA:95,9,0,0
BRDA:95,9,1,0
BRDA:104,10,0,0
BRDA:104,10,1,0
BRDA:192,11,0,0
BRDA:192,11,1,0
BRDA:227,12,0,0
BRDA:227,12,1,0
BRDA:265,13,0,0
BRDA:265,13,1,0
BRDA:300,14,0,0
BRDA:300,14,1,0
BRF:26
BRH:0
end_of_record
TN:
SF:src\pages\Accounts\CreditScoreModal.tsx
FN:12,(anonymous_0)
FN:21,(anonymous_1)
FN:28,(anonymous_2)
FN:83,(anonymous_3)
FNF:4
FNH:0
FNDA:0,(anonymous_0)
FNDA:0,(anonymous_1)
FNDA:0,(anonymous_2)
FNDA:0,(anonymous_3)
DA:1,0
DA:2,0
DA:3,0
DA:4,0
DA:5,0
DA:6,0
DA:12,0
DA:13,0
DA:14,0
DA:16,0
DA:18,0
DA:21,0
DA:22,0
DA:23,0
DA:24,0
DA:25,0
DA:28,0
DA:29,0
DA:31,0
DA:32,0
DA:33,0
DA:34,0
DA:37,0
DA:38,0
DA:41,0
DA:43,0
DA:45,0
DA:48,0
DA:83,0
DA:99,0
LF:30
LH:0
BRDA:22,0,0,0
BRDA:22,0,1,0
BRDA:23,1,0,0
BRDA:23,1,1,0
BRDA:24,2,0,0
BRDA:24,2,1,0
BRDA:29,3,0,0
BRDA:33,4,0,0
BRF:8
BRH:0
end_of_record
TN:
SF:src\pages\AuthenticationPages\Login.tsx
FN:10,(anonymous_0)
FN:17,(anonymous_1)
FN:89,(anonymous_2)
FN:89,(anonymous_3)
FN:111,(anonymous_4)
FNF:5
FNH:0
FNDA:0,(anonymous_0)
FNDA:0,(anonymous_1)
FNDA:0,(anonymous_2)
FNDA:0,(anonymous_3)
FNDA:0,(anonymous_4)
DA:1,0
DA:2,0
DA:3,0
DA:4,0
DA:5,0
DA:6,0
DA:7,0
DA:8,0
DA:10,0
DA:11,0
DA:12,0
DA:13,0
DA:14,0
DA:15,0
DA:17,0
DA:18,0
DA:19,0
DA:21,0
DA:28,0
DA:35,0
DA:36,0
DA:38,0
DA:39,0
DA:41,0
DA:42,0
DA:43,0
DA:46,0
DA:50,0
DA:51,0
DA:54,0
DA:89,0
DA:112,0
DA:132,0
LF:33
LH:0
BRDA:35,0,0,0
BRDA:35,0,1,0
BRDA:41,1,0,0
BRDA:41,1,1,0
BRDA:50,2,0,0
BRDA:50,3,0,0
BRDA:50,3,1,0
BRDA:59,4,0,0
BRDA:59,4,1,0
BRDA:80,5,0,0
BRDA:80,5,1,0
BRDA:91,6,0,0
BRDA:91,6,1,0
BRF:13
BRH:0
end_of_record
TN:
SF:src\pages\AuthenticationPages\Register.tsx
FN:8,(anonymous_0)
FN:15,(anonymous_1)
FN:94,(anonymous_2)
FN:94,(anonymous_3)
FN:116,(anonymous_4)
FNF:5
FNH:0
FNDA:0,(anonymous_0)
FNDA:0,(anonymous_1)
FNDA:0,(anonymous_2)
FNDA:0,(anonymous_3)
FNDA:0,(anonymous_4)
DA:1,0
DA:2,0
DA:3,0
DA:4,0
DA:5,0
DA:6,0
DA:8,0
DA:9,0
DA:10,0
DA:11,0
DA:12,0
DA:13,0
DA:15,0
DA:16,0
DA:17,0
DA:20,0
DA:22,0
DA:29,0
DA:30,0
DA:33,0
DA:39,0
DA:40,0
DA:42,0
DA:43,0
DA:44,0
DA:48,0
DA:49,0
DA:52,0
DA:94,0
DA:117,0
DA:137,0
LF:31
LH:0
BRDA:29,0,0,0
BRDA:39,1,0,0
BRDA:39,1,1,0
BRDA:42,2,0,0
BRDA:42,2,1,0
BRDA:48,3,0,0
BRDA:48,4,0,0
BRDA:48,4,1,0
BRDA:57,5,0,0
BRDA:57,5,1,0
BRDA:78,6,0,0
BRDA:78,6,1,0
BRDA:85,7,0,0
BRDA:85,7,1,0
BRDA:96,8,0,0
BRDA:96,8,1,0
BRF:16
BRH:0
end_of_record
TN:
SF:src\pages\Budgets\Budgets.tsx
FN:5,(anonymous_1)
FNF:1
FNH:0
FNDA:0,(anonymous_1)
DA:1,0
DA:2,0
DA:3,0
DA:5,0
DA:6,0
DA:15,0
LF:6
LH:0
BRF:0
BRH:0
end_of_record
TN:
SF:src\pages\Budgets\components\BudgetsComponent.tsx
FN:17,(anonymous_1)
FN:18,(anonymous_2)
FN:19,(anonymous_3)
FN:44,(anonymous_4)
FN:45,(anonymous_5)
FN:55,(anonymous_6)
FN:58,(anonymous_7)
FN:59,(anonymous_8)
FN:71,(anonymous_9)
FN:73,(anonymous_10)
FN:84,(anonymous_11)
FN:93,(anonymous_12)
FN:102,(anonymous_13)
FN:104,(anonymous_14)
FN:124,(anonymous_15)
FN:135,(anonymous_16)
FN:171,(anonymous_17)
FN:175,(anonymous_18)
FN:179,(anonymous_19)
FN:183,(anonymous_20)
FN:204,(anonymous_21)
FNF:21
FNH:0
FNDA:0,(anonymous_1)
FNDA:0,(anonymous_2)
FNDA:0,(anonymous_3)
FNDA:0,(anonymous_4)
FNDA:0,(anonymous_5)
FNDA:0,(anonymous_6)
FNDA:0,(anonymous_7)
FNDA:0,(anonymous_8)
FNDA:0,(anonymous_9)
FNDA:0,(anonymous_10)
FNDA:0,(anonymous_11)
FNDA:0,(anonymous_12)
FNDA:0,(anonymous_13)
FNDA:0,(anonymous_14)
FNDA:0,(anonymous_15)
FNDA:0,(anonymous_16)
FNDA:0,(anonymous_17)
FNDA:0,(anonymous_18)
FNDA:0,(anonymous_19)
FNDA:0,(anonymous_20)
FNDA:0,(anonymous_21)
DA:1,0
DA:2,0
DA:3,0
DA:4,0
DA:5,0
DA:6,0
DA:7,0
DA:9,0
DA:11,0
DA:12,0
DA:15,0
DA:17,0
DA:18,0
DA:19,0
DA:20,0
DA:21,0
DA:22,0
DA:23,0
DA:29,0
DA:32,0
DA:33,0
DA:36,0
DA:37,0
DA:39,0
DA:44,0
DA:45,0
DA:46,0
DA:47,0
DA:50,0
DA:51,0
DA:55,0
DA:58,0
DA:59,0
DA:60,0
DA:62,0
DA:64,0
DA:65,0
DA:71,0
DA:72,0
DA:73,0
DA:74,0
DA:76,0
DA:79,0
DA:80,0
DA:84,0
DA:85,0
DA:89,0
DA:90,0
DA:93,0
DA:94,0
DA:98,0
DA:99,0
DA:102,0
DA:104,0
DA:105,0
DA:106,0
DA:109,0
DA:110,0
DA:111,0
DA:114,0
DA:115,0
DA:117,0
DA:118,0
DA:120,0
DA:124,0
DA:125,0
DA:126,0
DA:127,0
DA:129,0
DA:130,0
DA:131,0
DA:135,0
DA:136,0
DA:137,0
DA:139,0
DA:142,0
DA:171,0
DA:175,0
DA:179,0
DA:183,0
DA:205,0
DA:228,0
LF:82
LH:0
BRDA:64,0,0,0
BRDA:64,0,1,0
BRDA:79,1,0,0
BRDA:79,1,1,0
BRDA:109,2,0,0
BRDA:114,3,0,0
BRDA:115,4,0,0
BRDA:115,4,1,0
BRDA:117,5,0,0
BRDA:118,6,0,0
BRDA:118,6,1,0
BRDA:126,7,0,0
BRDA:126,8,0,0
BRDA:126,8,1,0
BRDA:136,9,0,0
BRDA:137,10,0,0
BRDA:137,10,1,0
BRDA:154,11,0,0
BRDA:154,11,1,0
BRDA:194,12,0,0
BRDA:194,12,1,0
BRF:21
BRH:0
end_of_record
TN:
SF:src\pages\Budgets\components\SavingsBucketsComponent.tsx
FN:4,SavingsBucketComponent
FNF:1
FNH:0
FNDA:0,SavingsBucketComponent
DA:1,0
DA:2,0
DA:5,0
DA:7,0
DA:15,0
LF:5
LH:0
BRF:0
BRH:0
end_of_record
TN:
SF:src\pages\Budgets\components\SummaryComponent.tsx
FN:31,(anonymous_1)
FN:33,(anonymous_2)
FN:34,(anonymous_3)
FN:36,(anonymous_4)
FN:63,(anonymous_5)
FN:64,(anonymous_6)
FN:81,(anonymous_7)
FN:82,(anonymous_8)
FN:108,(anonymous_9)
FN:109,(anonymous_10)
FNF:10
FNH:0
FNDA:0,(anonymous_1)
FNDA:0,(anonymous_2)
FNDA:0,(anonymous_3)
FNDA:0,(anonymous_4)
FNDA:0,(anonymous_5)
FNDA:0,(anonymous_6)
FNDA:0,(anonymous_7)
FNDA:0,(anonymous_8)
FNDA:0,(anonymous_9)
FNDA:0,(anonymous_10)
DA:1,0
DA:2,0
DA:3,0
DA:4,0
DA:5,0
DA:6,0
DA:7,0
DA:9,0
DA:10,0
DA:11,0
DA:12,0
DA:13,0
DA:14,0
DA:15,0
DA:16,0
DA:17,0
DA:31,0
DA:32,0
DA:33,0
DA:34,0
DA:35,0
DA:36,0
DA:37,0
DA:38,0
DA:39,0
DA:44,0
DA:45,0
DA:47,0
DA:48,0
DA:50,0
DA:52,0
DA:53,0
DA:54,0
DA:55,0
DA:56,0
DA:57,0
DA:59,0
DA:63,0
DA:64,0
DA:65,0
DA:66,0
DA:67,0
DA:69,0
DA:70,0
DA:72,0
DA:73,0
DA:74,0
DA:77,0
DA:81,0
DA:82,0
DA:83,0
DA:86,0
DA:87,0
DA:93,0
DA:96,0
DA:97,0
DA:101,0
DA:108,0
DA:109,0
DA:179,0
LF:60
LH:0
BRDA:52,0,0,0
BRDA:52,0,1,0
BRDA:54,1,0,0
BRDA:54,1,1,0
BRDA:56,2,0,0
BRDA:56,2,1,0
BRDA:86,3,0,0
BRDA:114,4,0,0
BRDA:114,4,1,0
BRDA:121,5,0,0
BRDA:121,5,1,0
BRDA:132,6,0,0
BRDA:132,6,1,0
BRF:13
BRH:0
end_of_record
TN:
SF:src\pages\Budgets\components\modals\BudgetDetailsModal.tsx
FN:28,(anonymous_0)
FN:110,(anonymous_1)
FNF:2
FNH:0
FNDA:0,(anonymous_0)
FNDA:0,(anonymous_1)
DA:1,0
DA:12,0
DA:14,0
DA:15,0
DA:16,0
DA:28,0
DA:36,0
DA:37,0
DA:38,0
DA:39,0
DA:40,0
DA:41,0
DA:42,0
DA:45,0
DA:111,0
DA:133,0
LF:16
LH:0
BRDA:40,0,0,0
BRF:1
BRH:0
end_of_record
TN:
SF:src\pages\Budgets\components\modals\DeleteBucketModal.tsx
FN:22,(anonymous_0)
FN:26,(anonymous_1)
FN:28,sendDeleteRequest
FN:45,handleSubmit
FNF:4
FNH:0
FNDA:0,(anonymous_0)
FNDA:0,(anonymous_1)
FNDA:0,sendDeleteRequest
FNDA:0,handleSubmit
DA:1,0
DA:11,0
DA:12,0
DA:13,0
DA:14,0
DA:15,0
DA:22,0
DA:23,0
DA:24,0
DA:25,0
DA:26,0
DA:30,0
DA:32,0
DA:33,0
DA:34,0
DA:36,0
DA:39,0
DA:42,0
DA:46,0
DA:48,0
DA:54,0
DA:57,0
DA:96,0
LF:23
LH:0
BRF:0
BRH:0
end_of_record
TN:
SF:src\pages\Budgets\components\modals\DeleteBudgetModal.tsx
FN:22,(anonymous_0)
FN:25,(anonymous_1)
FN:29,sendBudgetDeleteRequest
FN:47,handleSubmit
FNF:4
FNH:0
FNDA:0,(anonymous_0)
FNDA:0,(anonymous_1)
FNDA:0,sendBudgetDeleteRequest
FNDA:0,handleSubmit
DA:1,0
DA:11,0
DA:12,0
DA:13,0
DA:14,0
DA:15,0
DA:22,0
DA:23,0
DA:24,0
DA:25,0
DA:27,0
DA:31,0
DA:33,0
DA:35,0
DA:36,0
DA:38,0
DA:41,0
DA:44,0
DA:48,0
DA:50,0
DA:55,0
DA:58,0
DA:97,0
LF:23
LH:0
BRF:0
BRH:0
end_of_record
TN:
SF:src\pages\Budgets\components\modals\EditBucketModal.tsx
FN:25,(anonymous_0)
FN:28,(anonymous_1)
FN:33,(anonymous_2)
FN:37,(anonymous_3)
FN:46,sendUpdatedBucket
FN:76,handleSubmit
FN:88,(anonymous_6)
FNF:7
FNH:0
FNDA:0,(anonymous_0)
FNDA:0,(anonymous_1)
FNDA:0,(anonymous_2)
FNDA:0,(anonymous_3)
FNDA:0,sendUpdatedBucket
FNDA:0,handleSubmit
FNDA:0,(anonymous_6)
DA:1,0
DA:12,0
DA:13,0
DA:14,0
DA:16,0
DA:17,0
DA:25,0
DA:26,0
DA:27,0
DA:28,0
DA:30,0
DA:31,0
DA:33,0
DA:34,0
DA:37,0
DA:47,0
DA:60,0
DA:62,0
DA:65,0
DA:67,0
DA:73,0
DA:77,0
DA:79,0
DA:84,0
DA:88,0
DA:89,0
DA:92,0
DA:148,0
LF:28
LH:0
BRF:0
BRH:0
end_of_record
TN:
SF:src\pages\Budgets\components\modals\EditBudgetModal.tsx
FN:32,(anonymous_0)
FN:36,(anonymous_1)
FN:38,(anonymous_2)
FN:55,(anonymous_3)
FN:59,(anonymous_4)
FN:65,(anonymous_5)
FN:66,(anonymous_6)
FN:72,sendUpdatedBudget
FN:99,handleSubmit
FN:106,(anonymous_9)
FNF:10
FNH:0
FNDA:0,(anonymous_0)
FNDA:0,(anonymous_1)
FNDA:0,(anonymous_2)
FNDA:0,(anonymous_3)
FNDA:0,(anonymous_4)
FNDA:0,(anonymous_5)
FNDA:0,(anonymous_6)
FNDA:0,sendUpdatedBudget
FNDA:0,handleSubmit
FNDA:0,(anonymous_9)
DA:1,0
DA:17,0
DA:19,0
DA:20,0
DA:21,0
DA:22,0
DA:32,0
DA:33,0
DA:34,0
DA:35,0
DA:36,0
DA:38,0
DA:41,0
DA:52,0
DA:55,0
DA:56,0
DA:59,0
DA:65,0
DA:66,0
DA:73,0
DA:84,0
DA:85,0
DA:88,0
DA:90,0
DA:96,0
DA:100,0
DA:101,0
DA:102,0
DA:106,0
DA:107,0
DA:118,0
DA:197,0
LF:32
LH:0
BRDA:52,0,0,0
BRDA:52,0,1,0
BRDA:143,1,0,0
BRDA:143,1,1,0
BRDA:144,2,0,0
BRDA:144,2,1,0
BRDA:151,3,0,0
BRDA:151,3,1,0
BRDA:178,4,0,0
BRDA:178,4,1,0
BRF:10
BRH:0
end_of_record
TN:
SF:src\pages\Budgets\components\modals\EditSpendingBudgetModal.tsx
FN:24,(anonymous_0)
FN:26,(anonymous_1)
FN:38,(anonymous_2)
FN:40,handleSubmit
FN:50,(anonymous_4)
FN:54,(anonymous_5)
FN:61,(anonymous_6)
FNF:7
FNH:0
FNDA:0,(anonymous_0)
FNDA:0,(anonymous_1)
FNDA:0,(anonymous_2)
FNDA:0,handleSubmit
FNDA:0,(anonymous_4)
FNDA:0,(anonymous_5)
FNDA:0,(anonymous_6)
DA:1,0
DA:13,0
DA:14,0
DA:15,0
DA:16,0
DA:17,0
DA:24,0
DA:25,0
DA:26,0
DA:27,0
DA:28,0
DA:30,0
DA:35,0
DA:37,0
DA:38,0
DA:41,0
DA:42,0
DA:43,0
DA:44,0
DA:45,0
DA:46,0
DA:47,0
DA:50,0
DA:51,0
DA:54,0
DA:61,0
DA:62,0
DA:68,0
DA:115,0
LF:29
LH:0
BRF:0
BRH:0
end_of_record
TN:
SF:src\pages\Budgets\components\modals\NewBucketModal.tsx
FN:22,(anonymous_0)
FN:35,(anonymous_1)
FN:38,(anonymous_2)
FN:42,(anonymous_3)
FN:51,sendNewBucket
FN:83,handleSubmit
FN:90,(anonymous_6)
FNF:7
FNH:0
FNDA:0,(anonymous_0)
FNDA:0,(anonymous_1)
FNDA:0,(anonymous_2)
FNDA:0,(anonymous_3)
FNDA:0,sendNewBucket
FNDA:0,handleSubmit
FNDA:0,(anonymous_6)
DA:1,0
DA:11,0
DA:12,0
DA:13,0
DA:15,0
DA:16,0
DA:22,0
DA:23,0
DA:24,0
DA:34,0
DA:35,0
DA:36,0
DA:38,0
DA:39,0
DA:42,0
DA:52,0
DA:65,0
DA:67,0
DA:69,0
DA:70,0
DA:73,0
DA:77,0
DA:80,0
DA:84,0
DA:85,0
DA:86,0
DA:90,0
DA:91,0
DA:102,0
DA:151,0
LF:30
LH:0
BRF:0
BRH:0
end_of_record
TN:
SF:src\pages\Budgets\components\modals\NewBudgetModal.tsx
FN:25,(anonymous_0)
FN:26,(anonymous_1)
FN:42,(anonymous_2)
FN:50,(anonymous_3)
FN:57,(anonymous_4)
FN:61,(anonymous_5)
FN:67,(anonymous_6)
FN:68,(anonymous_7)
FN:74,sendNewBudget
FN:102,handleSubmit
FN:109,(anonymous_10)
FN:142,(anonymous_11)
FN:149,(anonymous_12)
FNF:13
FNH:0
FNDA:0,(anonymous_0)
FNDA:0,(anonymous_1)
FNDA:0,(anonymous_2)
FNDA:0,(anonymous_3)
FNDA:0,(anonymous_4)
FNDA:0,(anonymous_5)
FNDA:0,(anonymous_6)
FNDA:0,(anonymous_7)
FNDA:0,sendNewBudget
FNDA:0,handleSubmit
FNDA:0,(anonymous_10)
FNDA:0,(anonymous_11)
FNDA:0,(anonymous_12)
DA:1,0
DA:17,0
DA:18,0
DA:20,0
DA:21,0
DA:22,0
DA:23,0
DA:25,0
DA:26,0
DA:27,0
DA:30,0
DA:40,0
DA:41,0
DA:42,0
DA:45,0
DA:46,0
DA:47,0
DA:50,0
DA:51,0
DA:53,0
DA:57,0
DA:58,0
DA:61,0
DA:67,0
DA:68,0
DA:75,0
DA:85,0
DA:86,0
DA:88,0
DA:89,0
DA:92,0
DA:96,0
DA:99,0
DA:103,0
DA:104,0
DA:105,0
DA:109,0
DA:110,0
DA:121,0
DA:143,0
DA:149,0
DA:215,0
LF:42
LH:0
BRDA:45,0,0,0
BRDA:45,0,1,0
BRDA:46,1,0,0
BRDA:46,1,1,0
BRDA:50,2,0,0
BRDA:50,2,1,0
BRDA:138,3,0,0
BRDA:138,3,1,0
BRDA:143,4,0,0
BRDA:143,4,1,0
BRDA:148,5,0,0
BRDA:148,5,1,0
BRDA:164,6,0,0
BRDA:164,6,1,0
BRDA:171,7,0,0
BRDA:171,7,1,0
BRDA:192,8,0,0
BRDA:192,8,1,0
BRDA:192,8,2,0
BRDA:192,8,3,0
BRF:20
BRH:0
end_of_record
TN:
SF:src\pages\Budgets\components\requests\accountRequests.ts
FN:17,getTotalAvailableFunds
FN:19,(anonymous_2)
FN:29,getAllAccounts
FNF:3
FNH:0
FNDA:0,getTotalAvailableFunds
FNDA:0,(anonymous_2)
FNDA:0,getAllAccounts
DA:1,0
DA:3,0
DA:17,0
DA:18,0
DA:19,0
DA:20,0
DA:21,0
DA:22,0
DA:23,0
DA:25,0
DA:30,0
DA:31,0
DA:33,0
DA:34,0
DA:43,0
DA:44,0
DA:47,0
DA:49,0
DA:51,0
DA:52,0
LF:20
LH:0
BRDA:20,0,0,0
BRDA:20,0,1,0
BRDA:22,1,0,0
BRDA:43,2,0,0
BRF:4
BRH:0
end_of_record
TN:
SF:src\pages\Budgets\components\requests\bucketRequests.ts
FN:5,getBuckets
FN:32,postBucket
FN:57,putBucket
FN:83,deleteBucket
FN:106,transformBuckets
FN:107,(anonymous_6)
FNF:6
FNH:0
FNDA:0,getBuckets
FNDA:0,postBucket
FNDA:0,putBucket
FNDA:0,deleteBucket
FNDA:0,transformBuckets
FNDA:0,(anonymous_6)
DA:2,0
DA:3,0
DA:5,0
DA:6,0
DA:7,0
DA:8,0
DA:9,0
DA:10,0
DA:19,0
DA:20,0
DA:23,0
DA:24,0
DA:25,0
DA:27,0
DA:28,0
DA:32,0
DA:33,0
DA:34,0
DA:36,0
DA:37,0
DA:46,0
DA:47,0
DA:49,0
DA:50,0
DA:52,0
DA:53,0
DA:57,0
DA:58,0
DA:59,0
DA:61,0
DA:62,0
DA:71,0
DA:72,0
DA:75,0
DA:76,0
DA:78,0
DA:79,0
DA:83,0
DA:84,0
DA:85,0
DA:86,0
DA:87,0
DA:96,0
DA:97,0
DA:100,0
DA:101,0
DA:107,0
LF:47
LH:0
BRDA:19,0,0,0
BRDA:46,1,0,0
BRDA:71,2,0,0
BRDA:96,3,0,0
BRF:4
BRH:0
end_of_record
TN:
SF:src\pages\Budgets\components\requests\budgetRequests.ts
FN:5,getBudgetsById
FN:32,getBudgetsByMonthYear
FN:60,createBudget
FN:86,putBudget
FN:112,deleteBudget
FN:134,getTransactionsByMonthYear
FN:162,transformBudgets
FN:163,(anonymous_8)
FNF:8
FNH:1
FNDA:0,getBudgetsById
FNDA:2,getBudgetsByMonthYear
FNDA:0,createBudget
FNDA:0,putBudget
FNDA:0,deleteBudget
FNDA:0,getTransactionsByMonthYear
FNDA:0,transformBudgets
FNDA:0,(anonymous_8)
DA:2,1
DA:3,1
DA:5,1
DA:6,0
DA:7,0
DA:8,0
DA:9,0
DA:18,0
DA:19,0
DA:22,0
DA:23,0
DA:25,0
DA:27,0
DA:28,0
DA:32,1
DA:33,2
DA:34,2
DA:36,2
DA:37,2
DA:46,0
DA:47,0
DA:50,0
DA:51,0
DA:53,0
DA:55,2
DA:56,2
DA:60,1
DA:61,0
DA:62,0
DA:64,0
DA:65,0
DA:74,0
DA:75,0
DA:78,0
DA:79,0
DA:81,0
DA:82,0
DA:86,1
DA:87,0
DA:88,0
DA:90,0
DA:91,0
DA:100,0
DA:101,0
DA:104,0
DA:105,0
DA:107,0
DA:108,0
DA:112,1
DA:113,0
DA:114,0
DA:115,0
DA:116,0
DA:125,0
DA:126,0
DA:129,0
DA:130,0
DA:134,1
DA:135,0
DA:136,0
DA:137,0
DA:138,0
DA:147,0
DA:148,0
DA:151,0
DA:152,0
DA:154,0
DA:156,0
DA:157,0
DA:163,0
LF:70
LH:14
BRDA:18,0,0,0
BRDA:46,1,0,0
BRDA:74,2,0,0
BRDA:100,3,0,0
BRDA:125,4,0,0
BRDA:147,5,0,0
BRF:6
BRH:0
end_of_record
TN:
SF:src\pages\Budgets\components\requests\summaryRequests.ts
FN:4,getMonthlySummary
FN:5,(anonymous_1)
FN:12,updateMonthlySummary
FN:13,(anonymous_3)
FN:19,createMonthlySummary
FN:20,(anonymous_5)
FN:25,updateSpendingBudgetFor
FN:41,putBucket
FNF:8
FNH:0
FNDA:0,getMonthlySummary
FNDA:0,(anonymous_1)
FNDA:0,updateMonthlySummary
FNDA:0,(anonymous_3)
FNDA:0,createMonthlySummary
FNDA:0,(anonymous_5)
FNDA:0,updateSpendingBudgetFor
FNDA:0,putBucket
DA:1,0
DA:2,0
DA:4,0
DA:5,0
DA:6,0
DA:7,0
DA:8,0
DA:12,0
DA:13,0
DA:14,0
DA:15,0
DA:19,0
DA:20,0
DA:21,0
DA:22,0
DA:25,0
DA:26,0
DA:33,0
DA:34,0
DA:36,0
DA:44,0
DA:46,0
DA:47,0
DA:55,0
DA:56,0
DA:59,0
DA:60,0
LF:27
LH:0
BRDA:55,0,0,0
BRF:1
BRH:0
end_of_record
TN:
SF:src\pages\Budgets\components\subComponents\BudgetsRow.tsx
FN:26,(anonymous_1)
FN:41,(anonymous_2)
FN:48,(anonymous_3)
FN:50,(anonymous_4)
FN:56,sendUpdatedBudget
FN:81,(anonymous_6)
FN:85,(anonymous_7)
FN:90,(anonymous_8)
FN:105,(anonymous_9)
FNF:9
FNH:0
FNDA:0,(anonymous_1)
FNDA:0,(anonymous_2)
FNDA:0,(anonymous_3)
FNDA:0,(anonymous_4)
FNDA:0,sendUpdatedBudget
FNDA:0,(anonymous_6)
FNDA:0,(anonymous_7)
FNDA:0,(anonymous_8)
FNDA:0,(anonymous_9)
DA:1,0
DA:2,0
DA:3,0
DA:4,0
DA:5,0
DA:6,0
DA:7,0
DA:9,0
DA:11,0
DA:12,0
DA:13,0
DA:26,0
DA:35,0
DA:36,0
DA:39,0
DA:40,0
DA:41,0
DA:44,0
DA:45,0
DA:46,0
DA:48,0
DA:50,0
DA:51,0
DA:52,0
DA:53,0
DA:57,0
DA:69,0
DA:71,0
DA:73,0
DA:75,0
DA:76,0
DA:78,0
DA:81,0
DA:82,0
DA:85,0
DA:86,0
DA:87,0
DA:88,0
DA:90,0
DA:92,0
DA:105,0
DA:106,0
DA:107,0
DA:112,0
DA:170,0
LF:45
LH:0
BRDA:86,0,0,0
BRDA:86,1,0,0
BRDA:86,1,1,0
BRDA:87,2,0,0
BRDA:106,3,0,0
BRDA:122,4,0,0
BRDA:122,4,1,0
BRF:7
BRH:0
end_of_record
TN:
SF:src\pages\Budgets\components\subComponents\CategoryPicker.tsx
FN:9,(anonymous_0)
FN:12,(anonymous_1)
FN:16,(anonymous_2)
FN:34,(anonymous_3)
FN:36,(anonymous_4)
FNF:5
FNH:0
FNDA:0,(anonymous_0)
FNDA:0,(anonymous_1)
FNDA:0,(anonymous_2)
FNDA:0,(anonymous_3)
FNDA:0,(anonymous_4)
DA:1,0
DA:2,0
DA:9,0
DA:10,0
DA:12,0
DA:13,0
DA:16,0
DA:29,0
DA:33,0
DA:34,0
DA:37,0
DA:43,0
LF:12
LH:0
BRF:0
BRH:0
end_of_record
TN:
SF:src\pages\Budgets\components\subComponents\InputSavingsBucketRow.tsx
FN:20,(anonymous_0)
FNF:1
FNH:0
FNDA:0,(anonymous_0)
DA:20,0
DA:22,0
DA:30,0
LF:3
LH:0
BRF:0
BRH:0
end_of_record
TN:
SF:src\pages\Budgets\components\subComponents\ReservedMoniesInput.tsx
FN:11,returnCapped
FN:19,(anonymous_1)
FN:23,(anonymous_2)
FN:27,(anonymous_3)
FN:28,(anonymous_4)
FN:31,(anonymous_5)
FN:32,(anonymous_6)
FN:41,(anonymous_7)
FNF:8
FNH:0
FNDA:0,returnCapped
FNDA:0,(anonymous_1)
FNDA:0,(anonymous_2)
FNDA:0,(anonymous_3)
FNDA:0,(anonymous_4)
FNDA:0,(anonymous_5)
FNDA:0,(anonymous_6)
FNDA:0,(anonymous_7)
DA:1,0
DA:2,0
DA:12,0
DA:13,0
DA:15,0
DA:19,0
DA:20,0
DA:23,0
DA:24,0
DA:27,0
DA:28,0
DA:31,0
DA:32,0
DA:35,0
DA:41,0
DA:62,0
LF:16
LH:0
BRDA:12,0,0,0
BRDA:12,0,1,0
BRF:2
BRH:0
end_of_record
TN:
SF:src\pages\Budgets\components\subComponents\SavingsBucketRow.tsx
FN:12,(anonymous_1)
FN:17,(anonymous_2)
FN:26,setAmountReservedWithCap
FN:34,(anonymous_4)
FN:40,(anonymous_5)
FN:46,sendUpdatedBucket
FN:72,(anonymous_7)
FN:78,(anonymous_8)
FN:83,(anonymous_9)
FN:90,(anonymous_10)
FN:109,(anonymous_11)
FNF:11
FNH:0
FNDA:0,(anonymous_1)
FNDA:0,(anonymous_2)
FNDA:0,setAmountReservedWithCap
FNDA:0,(anonymous_4)
FNDA:0,(anonymous_5)
FNDA:0,sendUpdatedBucket
FNDA:0,(anonymous_7)
FNDA:0,(anonymous_8)
FNDA:0,(anonymous_9)
FNDA:0,(anonymous_10)
FNDA:0,(anonymous_11)
DA:1,0
DA:2,0
DA:3,0
DA:4,0
DA:5,0
DA:6,0
DA:7,0
DA:9,0
DA:10,0
DA:12,0
DA:14,0
DA:15,0
DA:16,0
DA:17,0
DA:18,0
DA:19,0
DA:22,0
DA:23,0
DA:24,0
DA:27,0
DA:28,0
DA:30,0
DA:34,0
DA:35,0
DA:36,0
DA:37,0
DA:40,0
DA:41,0
DA:42,0
DA:43,0
DA:47,0
DA:60,0
DA:62,0
DA:64,0
DA:66,0
DA:67,0
DA:69,0
DA:72,0
DA:75,0
DA:78,0
DA:79,0
DA:80,0
DA:81,0
DA:83,0
DA:85,0
DA:90,0
DA:91,0
DA:92,0
DA:97,0
DA:110,0
DA:134,0
LF:51
LH:0
BRDA:27,0,0,0
BRDA:27,0,1,0
BRDA:79,1,0,0
BRDA:79,2,0,0
BRDA:79,2,1,0
BRDA:80,3,0,0
BRDA:91,4,0,0
BRDA:107,5,0,0
BRDA:107,5,1,0
BRF:9
BRH:0
end_of_record
TN:
SF:src\pages\Budgets\components\subComponents\SavingsBucketsTable.tsx
FN:14,SavingsBucketTable
FN:18,(anonymous_2)
FN:19,(anonymous_3)
FN:29,(anonymous_4)
FN:30,(anonymous_5)
FN:37,(anonymous_6)
FN:43,(anonymous_7)
FN:44,(anonymous_8)
FN:58,(anonymous_9)
FN:69,(anonymous_10)
FN:81,(anonymous_11)
FN:84,(anonymous_12)
FN:87,(anonymous_13)
FN:105,(anonymous_14)
FNF:14
FNH:0
FNDA:0,SavingsBucketTable
FNDA:0,(anonymous_2)
FNDA:0,(anonymous_3)
FNDA:0,(anonymous_4)
FNDA:0,(anonymous_5)
FNDA:0,(anonymous_6)
FNDA:0,(anonymous_7)
FNDA:0,(anonymous_8)
FNDA:0,(anonymous_9)
FNDA:0,(anonymous_10)
FNDA:0,(anonymous_11)
FNDA:0,(anonymous_12)
FNDA:0,(anonymous_13)
FNDA:0,(anonymous_14)
DA:1,0
DA:2,0
DA:3,0
DA:4,0
DA:5,0
DA:6,0
DA:8,0
DA:9,0
DA:15,0
DA:16,0
DA:17,0
DA:18,0
DA:19,0
DA:20,0
DA:29,0
DA:30,0
DA:31,0
DA:32,0
DA:37,0
DA:38,0
DA:39,0
DA:43,0
DA:44,0
DA:45,0
DA:46,0
DA:48,0
DA:49,0
DA:51,0
DA:52,0
DA:54,0
DA:58,0
DA:59,0
DA:60,0
DA:61,0
DA:63,0
DA:64,0
DA:65,0
DA:69,0
DA:70,0
DA:71,0
DA:73,0
DA:76,0
DA:81,0
DA:84,0
DA:87,0
DA:106,0
DA:119,0
LF:47
LH:0
BRDA:48,0,0,0
BRDA:49,1,0,0
BRDA:49,1,1,0
BRDA:51,2,0,0
BRDA:52,3,0,0
BRDA:52,3,1,0
BRDA:60,4,0,0
BRDA:60,5,0,0
BRDA:60,5,1,0
BRDA:70,6,0,0
BRDA:71,7,0,0
BRDA:71,7,1,0
BRDA:95,8,0,0
BRDA:95,8,1,0
BRF:14
BRH:0
end_of_record
TN:
SF:src\pages\Budgets\components\util\categoryIconsMap.tsx
FNF:0
FNH:0
DA:1,0
DA:2,0
DA:4,0
DA:5,0
DA:9,0
DA:13,0
DA:17,0
DA:21,0
DA:25,0
DA:29,0
DA:33,0
DA:37,0
DA:42,0
LF:13
LH:0
BRF:0
BRH:0
end_of_record
TN:
SF:src\pages\Budgets\components\util\transactionsCalculator.ts
FN:8,getCompleteBudgets
FN:13,(anonymous_2)
FN:19,getSumForCategory
FN:25,(anonymous_4)
FN:30,getCategoriesTransactionsMap
FN:37,mapTransactionsToCategories
FN:38,(anonymous_7)
FN:47,getTransactions
FNF:8
FNH:0
FNDA:0,getCompleteBudgets
FNDA:0,(anonymous_2)
FNDA:0,getSumForCategory
FNDA:0,(anonymous_4)
FNDA:0,getCategoriesTransactionsMap
FNDA:0,mapTransactionsToCategories
FNDA:0,(anonymous_7)
FNDA:0,getTransactions
DA:2,1
DA:3,1
DA:6,1
DA:8,1
DA:9,0
DA:12,0
DA:13,0
DA:14,0
DA:15,0
DA:20,0
DA:21,0
DA:22,0
DA:25,0
DA:30,1
DA:32,0
DA:33,0
DA:34,0
DA:38,0
DA:39,0
DA:40,0
DA:42,0
DA:43,0
DA:48,0
DA:51,0
DA:52,0
DA:61,0
DA:62,0
DA:65,0
DA:66,0
DA:67,0
DA:69,0
DA:70,0
LF:32
LH:5
BRDA:21,0,0,0
BRDA:39,1,0,0
BRDA:61,2,0,0
BRF:3
BRH:0
end_of_record
TN:
SF:src\pages\Dashboard\Dashboard.tsx
FN:65,(anonymous_1)
FN:75,(anonymous_2)
FN:82,(anonymous_3)
FN:84,(anonymous_4)
FN:96,(anonymous_5)
FN:97,(anonymous_6)
FN:100,(anonymous_7)
FN:106,(anonymous_8)
FN:108,(anonymous_9)
FN:146,(anonymous_10)
FN:147,(anonymous_11)
FN:150,(anonymous_12)
FN:163,(anonymous_13)
FN:164,(anonymous_14)
FN:167,(anonymous_15)
FN:178,(anonymous_16)
FN:180,(anonymous_17)
FN:200,(anonymous_18)
FN:201,(anonymous_19)
FN:213,(anonymous_20)
FN:216,(anonymous_21)
FN:239,(anonymous_22)
FN:244,(anonymous_23)
FN:265,(anonymous_24)
FN:301,(anonymous_25)
FN:370,(anonymous_26)
FN:384,(anonymous_27)
FN:422,(anonymous_28)
FN:428,(anonymous_29)
FN:432,(anonymous_30)
FN:498,(anonymous_31)
FNF:31
FNH:16
FNDA:3,(anonymous_1)
FNDA:4,(anonymous_2)
FNDA:2,(anonymous_3)
FNDA:0,(anonymous_4)
FNDA:2,(anonymous_5)
FNDA:2,(anonymous_6)
FNDA:2,(anonymous_7)
FNDA:8,(anonymous_8)
FNDA:12,(anonymous_9)
FNDA:2,(anonymous_10)
FNDA:2,(anonymous_11)
FNDA:0,(anonymous_12)
FNDA:2,(anonymous_13)
FNDA:2,(anonymous_14)
FNDA:0,(anonymous_15)
FNDA:0,(anonymous_16)
FNDA:0,(anonymous_17)
FNDA:2,(anonymous_18)
FNDA:2,(anonymous_19)
FNDA:2,(anonymous_20)
FNDA:0,(anonymous_21)
FNDA:0,(anonymous_22)
FNDA:0,(anonymous_23)
FNDA:0,(anonymous_24)
FNDA:0,(anonymous_25)
FNDA:0,(anonymous_26)
FNDA:0,(anonymous_27)
FNDA:0,(anonymous_28)
FNDA:2,(anonymous_29)
FNDA:0,(anonymous_30)
FNDA:0,(anonymous_31)
DA:1,1
DA:2,1
DA:3,1
DA:4,1
DA:5,1
DA:6,1
DA:7,1
DA:9,1
DA:10,1
DA:11,1
DA:12,1
DA:13,1
DA:14,1
DA:15,1
DA:65,1
DA:66,3
DA:67,2
DA:68,2
DA:69,2
DA:70,2
DA:71,2
DA:72,2
DA:73,2
DA:74,2
DA:75,4
DA:76,2
DA:77,2
DA:78,2
DA:79,2
DA:82,2
DA:83,2
DA:84,2
DA:85,0
DA:86,0
DA:88,0
DA:91,2
DA:96,2
DA:97,2
DA:98,2
DA:99,2
DA:101,2
DA:104,2
DA:105,2
DA:107,8
DA:108,12
DA:109,8
DA:110,0
DA:111,0
DA:118,8
DA:131,8
DA:135,2
DA:138,0
DA:141,2
DA:146,2
DA:147,2
DA:148,2
DA:149,2
DA:151,0
DA:155,2
DA:158,2
DA:163,2
DA:164,2
DA:165,2
DA:166,2
DA:168,0
DA:169,0
DA:170,0
DA:171,0
DA:172,0
DA:173,0
DA:176,0
DA:178,0
DA:179,0
DA:180,0
DA:181,0
DA:182,0
DA:183,0
DA:186,0
DA:187,0
DA:189,0
DA:190,0
DA:193,2
DA:196,2
DA:198,2
DA:200,2
DA:201,2
DA:202,2
DA:203,2
DA:204,0
DA:205,0
DA:207,2
DA:210,2
DA:213,2
DA:214,2
DA:215,2
DA:216,2
DA:217,0
DA:218,0
DA:220,2
DA:221,2
DA:224,2
DA:239,0
DA:244,0
DA:266,0
DA:302,0
DA:371,0
DA:384,0
DA:422,0
DA:428,2
DA:433,0
DA:499,0
DA:524,1
LF:112
LH:75
BRDA:85,0,0,0
BRDA:85,0,1,0
BRDA:109,1,0,0
BRDA:109,1,1,8
BRDA:181,2,0,0
BRDA:226,3,0,2
BRDA:226,3,1,2
BRDA:261,4,0,0
BRDA:261,4,1,2
BRDA:269,5,0,0
BRDA:269,5,1,0
BRDA:275,6,0,0
BRDA:275,6,1,0
BRDA:281,7,0,0
BRDA:281,7,1,0
BRDA:290,8,0,0
BRDA:290,8,1,0
BRDA:336,9,0,0
BRDA:336,9,1,0
BRDA:357,10,0,0
BRDA:357,10,1,2
BRDA:424,11,0,0
BRDA:424,11,1,0
BRDA:425,12,0,0
BRDA:425,12,1,0
BRDA:440,13,0,0
BRDA:440,13,1,0
BRDA:440,14,0,0
BRDA:440,14,1,0
BRDA:440,15,0,0
BRDA:440,15,1,0
BRDA:440,15,2,0
BRDA:459,16,0,2
BRDA:459,16,1,0
BRDA:485,17,0,0
BRDA:485,17,1,0
BRDA:495,18,0,0
BRDA:495,18,1,0
BRDA:499,19,0,0
BRDA:499,19,1,0
BRF:40
BRH:6
end_of_record
TN:
SF:src\pages\Landing\LandingPage.tsx
FN:56,LandingPage
FN:83,(anonymous_2)
FNF:2
FNH:0
FNDA:0,LandingPage
FNDA:0,(anonymous_2)
DA:1,0
DA:2,0
DA:3,0
DA:4,0
DA:5,0
DA:6,0
DA:7,0
DA:8,0
DA:10,0
DA:56,0
DA:57,0
DA:84,0
LF:12
LH:0
BRDA:86,0,0,0
BRDA:86,0,1,0
BRDA:88,1,0,0
BRDA:88,1,1,0
BRF:4
BRH:0
end_of_record
TN:
SF:src\pages\Landing\ReviewSection.tsx
FN:50,(anonymous_1)
FN:68,(anonymous_2)
FNF:2
FNH:0
FNDA:0,(anonymous_1)
FNDA:0,(anonymous_2)
DA:2,0
DA:3,0
DA:4,0
DA:5,0
DA:7,0
DA:50,0
DA:51,0
DA:63,0
DA:69,0
DA:88,0
LF:10
LH:0
BRF:0
BRH:0
end_of_record
TN:
SF:src\pages\Misc\ErrorPage.tsx
FN:5,(anonymous_0)
FNF:1
FNH:0
FNDA:0,(anonymous_0)
DA:1,0
DA:2,0
DA:3,0
DA:5,0
DA:6,0
DA:7,0
DA:9,0
DA:11,0
DA:58,0
LF:9
LH:0
BRDA:45,0,0,0
BRDA:45,0,1,0
BRDA:48,1,0,0
BRDA:48,1,1,0
BRDA:48,1,2,0
BRF:5
BRH:0
end_of_record
TN:
SF:src\pages\Spending\Spending.tsx
FN:44,(anonymous_6)
FN:103,(anonymous_7)
FN:104,(anonymous_8)
FN:120,(anonymous_9)
FN:157,(anonymous_10)
FN:196,(anonymous_11)
FN:208,(anonymous_12)
FN:212,(anonymous_13)
FN:227,(anonymous_14)
FN:253,(anonymous_15)
FN:254,(anonymous_16)
FN:255,(anonymous_17)
FN:259,(anonymous_18)
FN:260,(anonymous_19)
FN:261,(anonymous_20)
FN:281,(anonymous_21)
FN:288,(anonymous_22)
FN:298,(anonymous_23)
FN:303,(anonymous_24)
FN:309,(anonymous_25)
FN:313,(anonymous_26)
FN:320,PieCenterLabel
FN:366,(anonymous_28)
FN:454,(anonymous_29)
FN:468,(anonymous_30)
FN:470,(anonymous_31)
FN:493,(anonymous_32)
FN:519,(anonymous_33)
FN:521,(anonymous_34)
FN:556,(anonymous_35)
FN:558,(anonymous_36)
FN:590,(anonymous_37)
FN:625,(anonymous_38)
FNF:33
FNH:9
FNDA:1,(anonymous_6)
FNDA:1,(anonymous_7)
FNDA:1,(anonymous_8)
FNDA:0,(anonymous_9)
FNDA:0,(anonymous_10)
FNDA:0,(anonymous_11)
FNDA:0,(anonymous_12)
FNDA:0,(anonymous_13)
FNDA:2,(anonymous_14)
FNDA:12,(anonymous_15)
FNDA:12,(anonymous_16)
FNDA:12,(anonymous_17)
FNDA:12,(anonymous_18)
FNDA:0,(anonymous_19)
FNDA:0,(anonymous_20)
FNDA:0,(anonymous_21)
FNDA:0,(anonymous_22)
FNDA:0,(anonymous_23)
FNDA:0,(anonymous_24)
FNDA:0,(anonymous_25)
FNDA:0,(anonymous_26)
FNDA:0,PieCenterLabel
FNDA:3,(anonymous_28)
FNDA:0,(anonymous_29)
FNDA:0,(anonymous_30)
FNDA:0,(anonymous_31)
FNDA:0,(anonymous_32)
FNDA:0,(anonymous_33)
FNDA:0,(anonymous_34)
FNDA:0,(anonymous_35)
FNDA:0,(anonymous_36)
FNDA:0,(anonymous_37)
FNDA:0,(anonymous_38)
DA:1,1
DA:2,1
DA:3,1
DA:4,1
DA:5,1
DA:6,1
DA:7,1
DA:8,1
DA:9,1
DA:10,1
DA:14,1
DA:44,1
DA:45,1
DA:46,1
DA:47,1
DA:48,1
DA:49,1
DA:50,1
DA:51,1
DA:52,1
DA:53,1
DA:54,1
DA:57,1
DA:70,1
DA:86,1
DA:103,1
DA:104,1
DA:105,1
DA:106,1
DA:107,0
DA:109,0
DA:110,0
DA:111,0
DA:112,0
DA:114,0
DA:115,0
DA:116,0
DA:117,0
DA:118,0
DA:120,0
DA:121,0
DA:122,0
DA:124,0
DA:125,0
DA:128,0
DA:129,0
DA:130,0
DA:132,0
DA:134,0
DA:135,0
DA:136,0
DA:138,0
DA:143,0
DA:144,0
DA:145,0
DA:146,0
DA:147,0
DA:149,0
DA:150,0
DA:152,0
DA:154,0
DA:157,0
DA:158,0
DA:159,0
DA:160,0
DA:174,0
DA:178,0
DA:179,0
DA:181,0
DA:183,0
DA:184,0
DA:186,0
DA:188,0
DA:189,0
DA:191,0
DA:196,0
DA:207,0
DA:208,0
DA:212,0
DA:215,0
DA:216,0
DA:217,0
DA:218,0
DA:220,1
DA:224,1
DA:227,1
DA:228,2
DA:229,0
DA:232,1
DA:233,1
DA:237,1
DA:253,12
DA:254,12
DA:255,12
DA:259,12
DA:260,1
DA:261,1
DA:262,1
DA:266,1
DA:282,0
DA:288,0
DA:298,1
DA:303,1
DA:309,1
DA:313,1
DA:321,0
DA:322,0
DA:332,1
DA:367,3
DA:454,0
DA:468,0
DA:470,0
DA:493,0
DA:519,0
DA:522,0
DA:556,0
DA:559,0
DA:591,0
DA:626,0
DA:653,1
LF:120
LH:51
BRDA:124,0,0,0
BRDA:124,1,0,0
BRDA:124,1,1,0
BRDA:128,2,0,0
BRDA:128,2,1,0
BRDA:129,3,0,0
BRDA:129,3,1,0
BRDA:134,4,0,0
BRDA:134,5,0,0
BRDA:134,5,1,0
BRDA:135,6,0,0
BRDA:135,6,1,0
BRDA:178,7,0,0
BRDA:178,7,1,0
BRDA:183,8,0,0
BRDA:188,9,0,0
BRDA:228,10,0,2
BRDA:262,11,0,1
BRDA:262,11,1,0
BRDA:380,12,0,3
BRDA:380,12,1,0
BRDA:384,13,0,3
BRDA:384,13,1,0
BRDA:447,14,0,0
BRDA:447,14,1,1
BRF:25
BRH:5
end_of_record
TN:
SF:src\pages\Spending\SpendingMonth.tsx
FN:32,(anonymous_1)
FN:66,(anonymous_2)
FN:71,(anonymous_3)
FN:92,(anonymous_4)
FN:98,(anonymous_5)
FN:107,(anonymous_6)
FN:126,(anonymous_7)
FN:139,(anonymous_8)
FN:140,(anonymous_9)
FN:150,(anonymous_10)
FN:153,(anonymous_11)
FN:157,(anonymous_12)
FN:161,(anonymous_13)
FN:174,(anonymous_14)
FN:191,(anonymous_15)
FN:203,(anonymous_16)
FN:218,(anonymous_17)
FN:236,(anonymous_18)
FN:261,(anonymous_19)
FN:276,(anonymous_20)
FN:282,(anonymous_21)
FN:286,(anonymous_22)
FN:293,PieCenterLabel
FN:305,(anonymous_24)
FN:310,(anonymous_25)
FN:375,(anonymous_26)
FN:390,(anonymous_27)
FN:396,(anonymous_28)
FN:401,(anonymous_29)
FN:428,(anonymous_30)
FN:443,(anonymous_31)
FN:447,(anonymous_32)
FN:475,(anonymous_33)
FNF:33
FNH:0
FNDA:0,(anonymous_1)
FNDA:0,(anonymous_2)
FNDA:0,(anonymous_3)
FNDA:0,(anonymous_4)
FNDA:0,(anonymous_5)
FNDA:0,(anonymous_6)
FNDA:0,(anonymous_7)
FNDA:0,(anonymous_8)
FNDA:0,(anonymous_9)
FNDA:0,(anonymous_10)
FNDA:0,(anonymous_11)
FNDA:0,(anonymous_12)
FNDA:0,(anonymous_13)
FNDA:0,(anonymous_14)
FNDA:0,(anonymous_15)
FNDA:0,(anonymous_16)
FNDA:0,(anonymous_17)
FNDA:0,(anonymous_18)
FNDA:0,(anonymous_19)
FNDA:0,(anonymous_20)
FNDA:0,(anonymous_21)
FNDA:0,(anonymous_22)
FNDA:0,PieCenterLabel
FNDA:0,(anonymous_24)
FNDA:0,(anonymous_25)
FNDA:0,(anonymous_26)
FNDA:0,(anonymous_27)
FNDA:0,(anonymous_28)
FNDA:0,(anonymous_29)
FNDA:0,(anonymous_30)
FNDA:0,(anonymous_31)
FNDA:0,(anonymous_32)
FNDA:0,(anonymous_33)
DA:1,0
DA:2,0
DA:3,0
DA:4,0
DA:5,0
DA:6,0
DA:8,0
DA:9,0
DA:10,0
DA:11,0
DA:12,0
DA:32,0
DA:33,0
DA:34,0
DA:35,0
DA:36,0
DA:37,0
DA:38,0
DA:39,0
DA:48,0
DA:49,0
DA:53,0
DA:66,0
DA:67,0
DA:71,0
DA:72,0
DA:73,0
DA:77,0
DA:92,0
DA:93,0
DA:94,0
DA:98,0
DA:99,0
DA:101,0
DA:103,0
DA:107,0
DA:108,0
DA:122,0
DA:126,0
DA:127,0
DA:128,0
DA:130,0
DA:131,0
DA:132,0
DA:135,0
DA:139,0
DA:140,0
DA:141,0
DA:142,0
DA:143,0
DA:145,0
DA:147,0
DA:149,0
DA:150,0
DA:152,0
DA:153,0
DA:156,0
DA:157,0
DA:160,0
DA:161,0
DA:165,0
DA:166,0
DA:168,0
DA:169,0
DA:171,0
DA:174,0
DA:175,0
DA:176,0
DA:177,0
DA:178,0
DA:179,0
DA:181,0
DA:182,0
DA:187,0
DA:188,0
DA:191,0
DA:197,0
DA:200,0
DA:201,0
DA:203,0
DA:204,0
DA:205,0
DA:206,0
DA:208,0
DA:210,0
DA:211,0
DA:213,0
DA:218,0
DA:225,0
DA:227,0
DA:231,0
DA:235,0
DA:236,0
DA:239,0
DA:240,0
DA:244,0
DA:252,0
DA:262,0
DA:276,0
DA:282,0
DA:286,0
DA:294,0
DA:295,0
DA:305,0
DA:306,0
DA:307,0
DA:310,0
DA:315,0
DA:376,0
DA:390,0
DA:396,0
DA:401,0
DA:428,0
DA:443,0
DA:448,0
DA:475,0
DA:496,0
LF:117
LH:0
BRDA:94,0,0,0
BRDA:94,0,1,0
BRDA:147,1,0,0
BRDA:147,1,1,0
BRDA:157,2,0,0
BRDA:157,2,1,0
BRDA:161,3,0,0
BRDA:161,3,1,0
BRDA:177,4,0,0
BRDA:177,4,1,0
BRDA:178,5,0,0
BRDA:181,6,0,0
BRDA:193,7,0,0
BRDA:193,7,1,0
BRDA:194,8,0,0
BRDA:194,8,1,0
BRDA:204,9,0,0
BRDA:205,10,0,0
BRDA:210,11,0,0
BRDA:236,12,0,0
BRDA:236,12,1,0
BRDA:240,13,0,0
BRDA:240,13,1,0
BRDA:330,14,0,0
BRDA:330,14,1,0
BRDA:333,15,0,0
BRDA:333,15,1,0
BRDA:419,16,0,0
BRDA:419,16,1,0
BRF:29
BRH:0
end_of_record
TN:
SF:src\pages\Tax\FinancialInformationStepW2.tsx
FN:8,(anonymous_0)
FN:13,(anonymous_1)
FN:19,(anonymous_2)
FN:40,(anonymous_3)
FN:42,(anonymous_4)
FN:54,(anonymous_5)
FN:68,(anonymous_6)
FNF:7
FNH:0
FNDA:0,(anonymous_0)
FNDA:0,(anonymous_1)
FNDA:0,(anonymous_2)
FNDA:0,(anonymous_3)
FNDA:0,(anonymous_4)
FNDA:0,(anonymous_5)
FNDA:0,(anonymous_6)
DA:1,0
DA:2,0
DA:4,0
DA:5,0
DA:6,0
DA:7,0
DA:8,0
DA:10,0
DA:11,0
DA:13,0
DA:15,0
DA:17,0
DA:19,0
DA:20,0
DA:22,0
DA:23,0
DA:24,0
DA:25,0
DA:26,0
DA:30,0
DA:32,0
DA:33,0
DA:35,0
DA:40,0
DA:41,0
DA:43,0
DA:51,0
DA:52,0
DA:55,0
DA:56,0
DA:64,0
DA:68,0
DA:69,0
DA:72,0
DA:162,0
LF:35
LH:0
BRDA:23,0,0,0
BRDA:23,0,1,0
BRDA:23,1,0,0
BRDA:23,1,1,0
BRDA:25,2,0,0
BRDA:25,3,0,0
BRDA:25,3,1,0
BRDA:32,4,0,0
BRDA:87,5,0,0
BRDA:87,5,1,0
BRDA:89,6,0,0
BRDA:89,6,1,0
BRDA:101,7,0,0
BRDA:101,7,1,0
BRDA:103,8,0,0
BRDA:103,8,1,0
BRDA:115,9,0,0
BRDA:115,9,1,0
BRDA:117,10,0,0
BRDA:117,10,1,0
BRDA:129,11,0,0
BRDA:129,11,1,0
BRDA:131,12,0,0
BRDA:131,12,1,0
BRDA:143,13,0,0
BRDA:143,13,1,0
BRDA:145,14,0,0
BRDA:145,14,1,0
BRF:28
BRH:0
end_of_record
TN:
SF:src\pages\Tax\PersonalInfoStep.tsx
FN:10,(anonymous_0)
FN:15,(anonymous_1)
FN:16,(anonymous_2)
FN:21,(anonymous_3)
FN:23,(anonymous_4)
FN:28,(anonymous_5)
FN:49,(anonymous_6)
FN:258,(anonymous_7)
FNF:8
FNH:0
FNDA:0,(anonymous_0)
FNDA:0,(anonymous_1)
FNDA:0,(anonymous_2)
FNDA:0,(anonymous_3)
FNDA:0,(anonymous_4)
FNDA:0,(anonymous_5)
FNDA:0,(anonymous_6)
FNDA:0,(anonymous_7)
DA:1,0
DA:2,0
DA:4,0
DA:5,0
DA:6,0
DA:7,0
DA:8,0
DA:9,0
DA:10,0
DA:11,0
DA:12,0
DA:13,0
DA:15,0
DA:16,0
DA:17,0
DA:18,0
DA:19,0
DA:21,0
DA:22,0
DA:24,0
DA:28,0
DA:29,0
DA:31,0
DA:32,0
DA:33,0
DA:34,0
DA:35,0
DA:38,0
DA:39,0
DA:41,0
DA:42,0
DA:43,0
DA:44,0
DA:45,0
DA:49,0
DA:50,0
DA:60,0
DA:258,0
DA:265,0
LF:39
LH:0
BRDA:32,0,0,0
BRDA:32,0,1,0
BRDA:32,1,0,0
BRDA:32,1,1,0
BRDA:34,2,0,0
BRDA:34,3,0,0
BRDA:34,3,1,0
BRDA:41,4,0,0
BRDA:79,5,0,0
BRDA:79,5,1,0
BRDA:81,6,0,0
BRDA:81,6,1,0
BRDA:94,7,0,0
BRDA:94,7,1,0
BRDA:96,8,0,0
BRDA:96,8,1,0
BRDA:109,9,0,0
BRDA:109,9,1,0
BRDA:111,10,0,0
BRDA:111,10,1,0
BRDA:124,11,0,0
BRDA:124,11,1,0
BRDA:126,12,0,0
BRDA:126,12,1,0
BRDA:216,13,0,0
BRDA:216,13,1,0
BRDA:218,14,0,0
BRDA:218,14,1,0
BRDA:231,15,0,0
BRDA:231,15,1,0
BRDA:233,16,0,0
BRDA:233,16,1,0
BRDA:246,17,0,0
BRDA:246,17,1,0
BRDA:248,18,0,0
BRDA:248,18,1,0
BRF:36
BRH:0
end_of_record
TN:
SF:src\pages\Tax\ReviewAndSubmitStepW2.tsx
FN:11,(anonymous_0)
FN:14,(anonymous_1)
FN:15,(anonymous_2)
FN:25,(anonymous_3)
FN:27,(anonymous_4)
FN:28,(anonymous_5)
FN:45,(anonymous_6)
FN:46,(anonymous_7)
FN:58,(anonymous_8)
FN:59,(anonymous_9)
FN:62,(anonymous_10)
FN:63,(anonymous_11)
FN:66,(anonymous_12)
FN:67,(anonymous_13)
FN:70,(anonymous_14)
FN:71,(anonymous_15)
FN:74,(anonymous_16)
FNF:17
FNH:0
FNDA:0,(anonymous_0)
FNDA:0,(anonymous_1)
FNDA:0,(anonymous_2)
FNDA:0,(anonymous_3)
FNDA:0,(anonymous_4)
FNDA:0,(anonymous_5)
FNDA:0,(anonymous_6)
FNDA:0,(anonymous_7)
FNDA:0,(anonymous_8)
FNDA:0,(anonymous_9)
FNDA:0,(anonymous_10)
FNDA:0,(anonymous_11)
FNDA:0,(anonymous_12)
FNDA:0,(anonymous_13)
FNDA:0,(anonymous_14)
FNDA:0,(anonymous_15)
FNDA:0,(anonymous_16)
DA:1,0
DA:2,0
DA:5,0
DA:7,0
DA:8,0
DA:11,0
DA:12,0
DA:13,0
DA:14,0
DA:15,0
DA:16,0
DA:17,0
DA:18,0
DA:19,0
DA:23,0
DA:25,0
DA:26,0
DA:28,0
DA:42,0
DA:44,0
DA:46,0
DA:54,0
DA:58,0
DA:59,0
DA:62,0
DA:63,0
DA:66,0
DA:67,0
DA:70,0
DA:71,0
DA:74,0
DA:96,0
DA:99,0
DA:193,0
LF:34
LH:0
BRDA:59,0,0,0
BRDA:59,0,1,0
BRDA:63,1,0,0
BRDA:63,1,1,0
BRDA:67,2,0,0
BRDA:67,2,1,0
BRDA:71,3,0,0
BRDA:71,3,1,0
BRDA:128,4,0,0
BRDA:128,4,1,0
BRDA:167,5,0,0
BRDA:167,5,1,0
BRF:12
BRH:0
end_of_record
TN:
SF:src\pages\Tax\Tax.tsx
FN:5,(anonymous_1)
FNF:1
FNH:0
FNDA:0,(anonymous_1)
DA:1,0
DA:5,0
DA:6,0
DA:15,0
LF:4
LH:0
BRF:0
BRH:0
end_of_record
TN:
SF:src\pages\Tax\TaxEditView.tsx
FN:7,TaxEditView
FNF:1
FNH:0
FNDA:0,TaxEditView
DA:4,0
DA:8,0
DA:15,0
LF:3
LH:0
BRF:0
BRH:0
end_of_record
TN:
SF:src\pages\Tax\TaxNav.tsx
FN:12,(anonymous_1)
FN:17,(anonymous_2)
FN:66,(anonymous_3)
FN:70,(anonymous_4)
FN:75,(anonymous_5)
FN:87,(anonymous_6)
FN:93,(anonymous_7)
FN:104,(anonymous_8)
FN:115,(anonymous_9)
FNF:9
FNH:0
FNDA:0,(anonymous_1)
FNDA:0,(anonymous_2)
FNDA:0,(anonymous_3)
FNDA:0,(anonymous_4)
FNDA:0,(anonymous_5)
FNDA:0,(anonymous_6)
FNDA:0,(anonymous_7)
FNDA:0,(anonymous_8)
FNDA:0,(anonymous_9)
DA:4,0
DA:5,0
DA:6,0
DA:8,0
DA:9,0
DA:10,0
DA:12,0
DA:17,0
DA:18,0
DA:19,0
DA:20,0
DA:22,0
DA:27,0
DA:32,0
DA:40,0
DA:46,0
DA:53,0
DA:61,0
DA:66,0
DA:67,0
DA:68,0
DA:69,0
DA:71,0
DA:72,0
DA:73,0
DA:76,0
DA:83,0
DA:87,0
DA:93,0
DA:104,0
DA:115,0
DA:130,0
LF:32
LH:0
BRDA:68,0,0,0
BRF:1
BRH:0
end_of_record
TN:
SF:src\pages\Tax\TaxResults.tsx
FN:15,(anonymous_1)
FN:25,(anonymous_2)
FN:29,(anonymous_3)
FN:38,(anonymous_4)
FN:39,(anonymous_5)
FN:42,(anonymous_6)
FNF:6
FNH:0
FNDA:0,(anonymous_1)
FNDA:0,(anonymous_2)
FNDA:0,(anonymous_3)
FNDA:0,(anonymous_4)
FNDA:0,(anonymous_5)
FNDA:0,(anonymous_6)
DA:1,0
DA:3,0
DA:4,0
DA:5,0
DA:6,0
DA:7,0
DA:8,0
DA:15,0
DA:16,0
DA:17,0
DA:19,0
DA:20,0
DA:25,0
DA:28,0
DA:30,0
DA:31,0
DA:32,0
DA:38,0
DA:39,0
DA:40,0
DA:42,0
DA:45,0
DA:47,0
DA:113,0
LF:24
LH:0
BRDA:31,0,0,0
BRDA:69,1,0,0
BRDA:69,1,1,0
BRF:3
BRH:0
end_of_record
TN:
SF:src\pages\Tax\TaxReturnSlice.ts
FN:53,(anonymous_0)
FN:56,(anonymous_1)
FN:59,(anonymous_2)
FNF:3
FNH:0
FNDA:0,(anonymous_0)
FNDA:0,(anonymous_1)
FNDA:0,(anonymous_2)
DA:1,1
DA:29,1
DA:49,1
DA:54,0
DA:57,0
DA:59,0
DA:63,1
DA:65,1
LF:8
LH:5
BRF:0
BRH:0
end_of_record
TN:
SF:src\pages\Tax\TaxTable.tsx
FN:20,(anonymous_1)
FN:27,(anonymous_2)
FN:29,(anonymous_3)
FN:32,(anonymous_4)
FN:37,(anonymous_5)
FN:45,(anonymous_6)
FN:91,(anonymous_7)
FN:96,(anonymous_8)
FN:104,(anonymous_9)
FN:105,(anonymous_10)
FN:129,(anonymous_11)
FN:137,(anonymous_12)
FN:138,(anonymous_13)
FN:158,(anonymous_14)
FNF:14
FNH:0
FNDA:0,(anonymous_1)
FNDA:0,(anonymous_2)
FNDA:0,(anonymous_3)
FNDA:0,(anonymous_4)
FNDA:0,(anonymous_5)
FNDA:0,(anonymous_6)
FNDA:0,(anonymous_7)
FNDA:0,(anonymous_8)
FNDA:0,(anonymous_9)
FNDA:0,(anonymous_10)
FNDA:0,(anonymous_11)
FNDA:0,(anonymous_12)
FNDA:0,(anonymous_13)
FNDA:0,(anonymous_14)
DA:1,0
DA:8,0
DA:9,0
DA:10,0
DA:11,0
DA:12,0
DA:13,0
DA:18,0
DA:20,0
DA:23,0
DA:24,0
DA:25,0
DA:27,0
DA:28,0
DA:30,0
DA:32,0
DA:37,0
DA:39,0
DA:45,0
DA:46,0
DA:91,0
DA:92,0
DA:96,0
DA:97,0
DA:102,0
DA:104,0
DA:105,0
DA:107,0
DA:130,0
DA:137,0
DA:138,0
DA:159,0
DA:180,0
LF:33
LH:0
BRF:0
BRH:0
end_of_record
TN:
SF:src\pages\Tax\W2EditView.tsx
FN:11,W2EditView
FN:26,(anonymous_2)
FN:32,(anonymous_3)
FN:40,(anonymous_4)
FN:46,(anonymous_5)
FN:54,(anonymous_6)
FNF:6
FNH:0
FNDA:0,W2EditView
FNDA:0,(anonymous_2)
FNDA:0,(anonymous_3)
FNDA:0,(anonymous_4)
FNDA:0,(anonymous_5)
FNDA:0,(anonymous_6)
DA:1,0
DA:2,0
DA:3,0
DA:4,0
DA:5,0
DA:6,0
DA:7,0
DA:13,0
DA:19,0
DA:26,0
DA:27,0
DA:28,0
DA:29,0
DA:30,0
DA:31,0
DA:32,0
DA:40,0
DA:41,0
DA:42,0
DA:43,0
DA:44,0
DA:45,0
DA:46,0
DA:50,0
DA:55,0
DA:88,0
LF:26
LH:0
BRDA:27,0,0,0
BRDA:41,1,0,0
BRDA:67,2,0,0
BRDA:67,2,1,0
BRDA:68,3,0,0
BRDA:68,3,1,0
BRDA:69,4,0,0
BRDA:69,4,1,0
BRDA:70,5,0,0
BRDA:70,5,1,0
BRDA:71,6,0,0
BRDA:71,6,1,0
BRF:12
BRH:0
end_of_record
TN:
SF:src\pages\Tax\W2Slice.ts
FN:37,(anonymous_0)
FN:40,(anonymous_1)
FNF:2
FNH:0
FNDA:0,(anonymous_0)
FNDA:0,(anonymous_1)
DA:1,1
DA:18,1
DA:33,1
DA:38,0
DA:40,0
DA:45,1
DA:47,1
LF:7
LH:5
BRF:0
BRH:0
end_of_record
TN:
SF:src\pages\Tax\WithholdingsAndMiscW2.tsx
FN:10,(anonymous_0)
FN:13,(anonymous_1)
FN:24,(anonymous_2)
FN:26,(anonymous_3)
FN:39,(anonymous_4)
FN:47,(anonymous_5)
FN:68,(anonymous_6)
FN:69,(anonymous_7)
FN:77,(anonymous_8)
FN:82,(anonymous_9)
FN:89,(anonymous_10)
FN:91,(anonymous_11)
FN:96,(anonymous_12)
FN:100,(anonymous_13)
FN:101,(anonymous_14)
FN:118,(anonymous_15)
FN:123,(anonymous_16)
FN:124,(anonymous_17)
FN:184,(anonymous_18)
FNF:19
FNH:0
FNDA:0,(anonymous_0)
FNDA:0,(anonymous_1)
FNDA:0,(anonymous_2)
FNDA:0,(anonymous_3)
FNDA:0,(anonymous_4)
FNDA:0,(anonymous_5)
FNDA:0,(anonymous_6)
FNDA:0,(anonymous_7)
FNDA:0,(anonymous_8)
FNDA:0,(anonymous_9)
FNDA:0,(anonymous_10)
FNDA:0,(anonymous_11)
FNDA:0,(anonymous_12)
FNDA:0,(anonymous_13)
FNDA:0,(anonymous_14)
FNDA:0,(anonymous_15)
FNDA:0,(anonymous_16)
FNDA:0,(anonymous_17)
FNDA:0,(anonymous_18)
DA:1,0
DA:2,0
DA:4,0
DA:6,0
DA:7,0
DA:8,0
DA:10,0
DA:11,0
DA:12,0
DA:13,0
DA:15,0
DA:17,0
DA:18,0
DA:20,0
DA:21,0
DA:22,0
DA:24,0
DA:25,0
DA:27,0
DA:28,0
DA:29,0
DA:37,0
DA:39,0
DA:40,0
DA:41,0
DA:42,0
DA:47,0
DA:48,0
DA:50,0
DA:51,0
DA:52,0
DA:53,0
DA:54,0
DA:57,0
DA:60,0
DA:61,0
DA:63,0
DA:68,0
DA:69,0
DA:70,0
DA:72,0
DA:73,0
DA:77,0
DA:78,0
DA:79,0
DA:82,0
DA:84,0
DA:85,0
DA:89,0
DA:90,0
DA:91,0
DA:92,0
DA:93,0
DA:96,0
DA:97,0
DA:98,0
DA:100,0
DA:101,0
DA:106,0
DA:119,0
DA:123,0
DA:124,0
DA:184,0
DA:194,0
LF:64
LH:0
BRDA:51,0,0,0
BRDA:51,0,1,0
BRDA:51,1,0,0
BRDA:51,1,1,0
BRDA:53,2,0,0
BRDA:53,3,0,0
BRDA:53,3,1,0
BRDA:60,4,0,0
BRDA:70,5,0,0
BRDA:70,5,1,0
BRDA:97,6,0,0
BRDA:135,7,0,0
BRDA:135,7,1,0
BRDA:177,8,0,0
BRDA:177,8,1,0
BRDA:179,9,0,0
BRDA:179,9,1,0
BRF:17
BRH:0
end_of_record
TN:
SF:src\pages\Tax\deductionsSlice.ts
FN:26,(anonymous_0)
FN:29,(anonymous_1)
FNF:2
FNH:0
FNDA:0,(anonymous_0)
FNDA:0,(anonymous_1)
DA:1,1
DA:12,1
DA:22,1
DA:27,0
DA:29,0
DA:34,1
DA:36,1
LF:7
LH:5
BRF:0
BRH:0
end_of_record
TN:
SF:src\pages\Tax\index.ts
FN:17,(anonymous_1)
FNF:1
FNH:1
FNDA:1,(anonymous_1)
DA:1,1
DA:2,1
DA:5,1
DA:7,1
DA:15,1
DA:17,1
DA:18,1
DA:19,1
DA:20,1
DA:21,1
DA:22,0
DA:23,0
DA:25,1
DA:28,1
LF:14
LH:12
BRDA:21,0,0,0
BRF:1
BRH:0
end_of_record
TN:
SF:src\pages\Tax\otherIncomeSlice.ts
FN:26,(anonymous_0)
FN:29,(anonymous_1)
FNF:2
FNH:0
FNDA:0,(anonymous_0)
FNDA:0,(anonymous_1)
DA:1,1
DA:12,1
DA:22,1
DA:27,0
DA:29,0
DA:34,1
DA:36,1
LF:7
LH:5
BRF:0
BRH:0
end_of_record
TN:
SF:src\pages\Tax\taxesAPI.ts
FN:127,(anonymous_1)
FN:133,(anonymous_2)
FN:138,(anonymous_3)
FN:146,(anonymous_4)
FN:150,(anonymous_5)
FN:155,(anonymous_6)
FN:160,(anonymous_7)
FN:164,(anonymous_8)
FN:168,(anonymous_9)
FN:172,(anonymous_10)
FN:176,(anonymous_11)
FN:180,(anonymous_12)
FN:184,(anonymous_13)
FN:188,(anonymous_14)
FN:192,(anonymous_15)
FN:196,(anonymous_16)
FN:202,(anonymous_17)
FN:208,(anonymous_18)
FN:212,(anonymous_19)
FN:216,(anonymous_20)
FN:220,(anonymous_21)
FN:224,(anonymous_22)
FN:228,(anonymous_23)
FN:232,(anonymous_24)
FN:236,(anonymous_25)
FN:259,(anonymous_26)
FN:263,(anonymous_27)
FN:267,(anonymous_28)
FN:271,(anonymous_29)
FN:275,(anonymous_30)
FN:279,(anonymous_31)
FN:283,(anonymous_32)
FN:287,(anonymous_33)
FN:291,(anonymous_34)
FN:304,(anonymous_35)
FN:308,(anonymous_36)
FN:312,(anonymous_37)
FN:316,(anonymous_38)
FN:320,(anonymous_39)
FN:324,(anonymous_40)
FN:328,(anonymous_41)
FN:340,(anonymous_42)
FNF:42
FNH:1
FNDA:0,(anonymous_1)
FNDA:0,(anonymous_2)
FNDA:0,(anonymous_3)
FNDA:0,(anonymous_4)
FNDA:0,(anonymous_5)
FNDA:0,(anonymous_6)
FNDA:0,(anonymous_7)
FNDA:0,(anonymous_8)
FNDA:0,(anonymous_9)
FNDA:0,(anonymous_10)
FNDA:0,(anonymous_11)
FNDA:0,(anonymous_12)
FNDA:0,(anonymous_13)
FNDA:0,(anonymous_14)
FNDA:0,(anonymous_15)
FNDA:1,(anonymous_16)
FNDA:0,(anonymous_17)
FNDA:0,(anonymous_18)
FNDA:0,(anonymous_19)
FNDA:0,(anonymous_20)
FNDA:0,(anonymous_21)
FNDA:0,(anonymous_22)
FNDA:0,(anonymous_23)
FNDA:0,(anonymous_24)
FNDA:0,(anonymous_25)
FNDA:0,(anonymous_26)
FNDA:0,(anonymous_27)
FNDA:0,(anonymous_28)
FNDA:0,(anonymous_29)
FNDA:0,(anonymous_30)
FNDA:0,(anonymous_31)
FNDA:0,(anonymous_32)
FNDA:0,(anonymous_33)
FNDA:0,(anonymous_34)
FNDA:0,(anonymous_35)
FNDA:0,(anonymous_36)
FNDA:0,(anonymous_37)
FNDA:0,(anonymous_38)
FNDA:0,(anonymous_39)
FNDA:0,(anonymous_40)
FNDA:0,(anonymous_41)
FNDA:0,(anonymous_42)
DA:1,1
DA:127,1
DA:130,0
DA:133,1
DA:134,0
DA:138,1
DA:143,0
DA:146,1
DA:147,0
DA:150,1
DA:151,0
DA:152,0
DA:155,1
DA:157,0
DA:160,1
DA:161,0
DA:164,1
DA:165,0
DA:168,1
DA:169,0
DA:172,1
DA:173,0
DA:176,1
DA:177,0
DA:180,1
DA:181,0
DA:184,1
DA:185,0
DA:188,1
DA:189,0
DA:192,1
DA:193,0
DA:196,1
DA:197,1
DA:198,1
DA:202,1
DA:203,0
DA:205,0
DA:208,1
DA:209,0
DA:212,1
DA:213,0
DA:216,1
DA:217,0
DA:220,1
DA:221,0
DA:224,1
DA:225,0
DA:228,1
DA:229,0
DA:232,1
DA:233,0
DA:236,1
DA:237,0
DA:238,0
DA:239,0
DA:252,0
DA:254,0
DA:256,0
DA:259,1
DA:260,0
DA:263,1
DA:264,0
DA:267,1
DA:268,0
DA:271,1
DA:272,0
DA:275,1
DA:276,0
DA:279,1
DA:280,0
DA:283,1
DA:284,0
DA:287,1
DA:288,0
DA:291,1
DA:292,0
DA:300,0
DA:301,0
DA:304,1
DA:305,0
DA:308,1
DA:309,0
DA:312,1
DA:313,0
DA:316,1
DA:317,0
DA:320,1
DA:321,0
DA:324,1
DA:325,0
DA:328,1
DA:329,0
DA:337,0
DA:340,1
DA:341,0
LF:96
LH:45
BRF:0
BRH:0
end_of_record
TN:
SF:src\pages\Tax\w2Step.tsx
FN:11,(anonymous_0)
FN:14,(anonymous_1)
FN:24,(anonymous_2)
FN:26,(anonymous_3)
FN:45,(anonymous_4)
FN:53,(anonymous_5)
FN:74,(anonymous_6)
FN:75,(anonymous_7)
FN:83,(anonymous_8)
FN:88,(anonymous_9)
FN:92,(anonymous_10)
FN:94,(anonymous_11)
FN:99,(anonymous_12)
FN:103,(anonymous_13)
FN:104,(anonymous_14)
FN:123,(anonymous_15)
FN:128,(anonymous_16)
FN:129,(anonymous_17)
FN:253,(anonymous_18)
FNF:19
FNH:0
FNDA:0,(anonymous_0)
FNDA:0,(anonymous_1)
FNDA:0,(anonymous_2)
FNDA:0,(anonymous_3)
FNDA:0,(anonymous_4)
FNDA:0,(anonymous_5)
FNDA:0,(anonymous_6)
FNDA:0,(anonymous_7)
FNDA:0,(anonymous_8)
FNDA:0,(anonymous_9)
FNDA:0,(anonymous_10)
FNDA:0,(anonymous_11)
FNDA:0,(anonymous_12)
FNDA:0,(anonymous_13)
FNDA:0,(anonymous_14)
FNDA:0,(anonymous_15)
FNDA:0,(anonymous_16)
FNDA:0,(anonymous_17)
FNDA:0,(anonymous_18)
DA:1,0
DA:2,0
DA:4,0
DA:5,0
DA:7,0
DA:8,0
DA:11,0
DA:12,0
DA:13,0
DA:14,0
DA:15,0
DA:17,0
DA:18,0
DA:20,0
DA:21,0
DA:22,0
DA:24,0
DA:25,0
DA:27,0
DA:28,0
DA:29,0
DA:43,0
DA:45,0
DA:46,0
DA:47,0
DA:48,0
DA:53,0
DA:54,0
DA:56,0
DA:57,0
DA:58,0
DA:59,0
DA:60,0
DA:63,0
DA:66,0
DA:67,0
DA:69,0
DA:74,0
DA:75,0
DA:76,0
DA:78,0
DA:79,0
DA:83,0
DA:84,0
DA:85,0
DA:88,0
DA:89,0
DA:92,0
DA:93,0
DA:94,0
DA:95,0
DA:96,0
DA:99,0
DA:100,0
DA:101,0
DA:103,0
DA:104,0
DA:109,0
DA:124,0
DA:128,0
DA:129,0
DA:253,0
DA:264,0
LF:63
LH:0
BRDA:57,0,0,0
BRDA:57,0,1,0
BRDA:57,1,0,0
BRDA:57,1,1,0
BRDA:59,2,0,0
BRDA:59,3,0,0
BRDA:59,3,1,0
BRDA:66,4,0,0
BRDA:76,5,0,0
BRDA:76,5,1,0
BRDA:100,6,0,0
BRDA:147,7,0,0
BRDA:147,7,1,0
BRDA:162,8,0,0
BRDA:162,8,1,0
BRDA:164,9,0,0
BRDA:164,9,1,0
BRDA:176,10,0,0
BRDA:176,10,1,0
BRDA:178,11,0,0
BRDA:178,11,1,0
BRDA:190,12,0,0
BRDA:190,12,1,0
BRDA:192,13,0,0
BRDA:192,13,1,0
BRDA:204,14,0,0
BRDA:204,14,1,0
BRDA:206,15,0,0
BRDA:206,15,1,0
BRDA:218,16,0,0
BRDA:218,16,1,0
BRDA:220,17,0,0
BRDA:220,17,1,0
BRDA:232,18,0,0
BRDA:232,18,1,0
BRDA:234,19,0,0
BRDA:234,19,1,0
BRDA:246,20,0,0
BRDA:246,20,1,0
BRDA:248,21,0,0
BRDA:248,21,1,0
BRF:41
BRH:0
end_of_record
TN:
SF:src\pages\Transactions\TransactionHistory.tsx
FN:44,TransactionHistory
FN:97,(anonymous_7)
FN:99,(anonymous_8)
FN:108,(anonymous_9)
FN:123,(anonymous_10)
FN:139,(anonymous_11)
FN:143,(anonymous_12)
FN:143,(anonymous_13)
FN:157,(anonymous_14)
FN:170,(anonymous_15)
FN:192,handleInputChange
FN:204,handleAreaChange
FN:215,handleSelectChange
FN:226,(anonymous_19)
FN:228,(anonymous_20)
FN:231,(anonymous_21)
FN:232,(anonymous_22)
FN:242,(anonymous_23)
FN:242,(anonymous_24)
FN:254,(anonymous_25)
FN:273,(anonymous_26)
FN:282,(anonymous_27)
FN:298,(anonymous_28)
FN:301,(anonymous_29)
FN:311,(anonymous_30)
FN:314,(anonymous_31)
FN:324,(anonymous_32)
FN:340,(anonymous_33)
FN:365,(anonymous_34)
FN:378,(anonymous_35)
FN:396,(anonymous_36)
FN:404,(anonymous_37)
FN:435,(anonymous_38)
FN:452,(anonymous_39)
FN:460,(anonymous_40)
FN:481,(anonymous_41)
FN:500,(anonymous_42)
FN:507,(anonymous_43)
FN:519,(anonymous_44)
FN:524,(anonymous_45)
FN:532,(anonymous_46)
FN:535,(anonymous_47)
FN:540,(anonymous_48)
FN:545,(anonymous_49)
FN:552,(anonymous_50)
FN:559,(anonymous_51)
FN:612,(anonymous_52)
FN:637,(anonymous_53)
FN:702,(anonymous_54)
FN:728,(anonymous_55)
FN:754,(anonymous_56)
FNF:51
FNH:0
FNDA:0,TransactionHistory
FNDA:0,(anonymous_7)
FNDA:0,(anonymous_8)
FNDA:0,(anonymous_9)
FNDA:0,(anonymous_10)
FNDA:0,(anonymous_11)
FNDA:0,(anonymous_12)
FNDA:0,(anonymous_13)
FNDA:0,(anonymous_14)
FNDA:0,(anonymous_15)
FNDA:0,handleInputChange
FNDA:0,handleAreaChange
FNDA:0,handleSelectChange
FNDA:0,(anonymous_19)
FNDA:0,(anonymous_20)
FNDA:0,(anonymous_21)
FNDA:0,(anonymous_22)
FNDA:0,(anonymous_23)
FNDA:0,(anonymous_24)
FNDA:0,(anonymous_25)
FNDA:0,(anonymous_26)
FNDA:0,(anonymous_27)
FNDA:0,(anonymous_28)
FNDA:0,(anonymous_29)
FNDA:0,(anonymous_30)
FNDA:0,(anonymous_31)
FNDA:0,(anonymous_32)
FNDA:0,(anonymous_33)
FNDA:0,(anonymous_34)
FNDA:0,(anonymous_35)
FNDA:0,(anonymous_36)
FNDA:0,(anonymous_37)
FNDA:0,(anonymous_38)
FNDA:0,(anonymous_39)
FNDA:0,(anonymous_40)
FNDA:0,(anonymous_41)
FNDA:0,(anonymous_42)
FNDA:0,(anonymous_43)
FNDA:0,(anonymous_44)
FNDA:0,(anonymous_45)
FNDA:0,(anonymous_46)
FNDA:0,(anonymous_47)
FNDA:0,(anonymous_48)
FNDA:0,(anonymous_49)
FNDA:0,(anonymous_50)
FNDA:0,(anonymous_51)
FNDA:0,(anonymous_52)
FNDA:0,(anonymous_53)
FNDA:0,(anonymous_54)
FNDA:0,(anonymous_55)
FNDA:0,(anonymous_56)
DA:1,0
DA:18,0
DA:19,0
DA:20,0
DA:21,0
DA:22,0
DA:30,0
DA:31,0
DA:32,0
DA:45,0
DA:46,0
DA:47,0
DA:60,0
DA:61,0
DA:62,0
DA:63,0
DA:64,0
DA:66,0
DA:67,0
DA:69,0
DA:70,0
DA:72,0
DA:73,0
DA:74,0
DA:76,0
DA:77,0
DA:78,0
DA:80,0
DA:81,0
DA:83,0
DA:93,0
DA:94,0
DA:95,0
DA:97,0
DA:98,0
DA:100,0
DA:108,0
DA:109,0
DA:110,0
DA:114,0
DA:120,0
DA:121,0
DA:123,0
DA:139,0
DA:140,0
DA:141,0
DA:142,0
DA:143,0
DA:144,0
DA:145,0
DA:146,0
DA:147,0
DA:149,0
DA:150,0
DA:151,0
DA:152,0
DA:154,0
DA:157,0
DA:158,0
DA:161,0
DA:162,0
DA:163,0
DA:164,0
DA:166,0
DA:167,0
DA:169,0
DA:171,0
DA:172,0
DA:182,0
DA:186,0
DA:189,0
DA:193,0
DA:194,0
DA:195,0
DA:196,0
DA:205,0
DA:206,0
DA:207,0
DA:208,0
DA:216,0
DA:217,0
DA:218,0
DA:219,0
DA:226,0
DA:227,0
DA:228,0
DA:231,0
DA:232,0
DA:233,0
DA:234,0
DA:236,0
DA:237,0
DA:239,0
DA:242,0
DA:244,0
DA:255,0
DA:256,0
DA:257,0
DA:258,0
DA:259,0
DA:260,0
DA:261,0
DA:262,0
DA:263,0
DA:264,0
DA:273,0
DA:282,0
DA:298,0
DA:302,0
DA:311,0
DA:315,0
DA:325,0
DA:326,0
DA:327,0
DA:328,0
DA:329,0
DA:341,0
DA:342,0
DA:343,0
DA:344,0
DA:345,0
DA:366,0
DA:379,0
DA:396,0
DA:404,0
DA:436,0
DA:453,0
DA:460,0
DA:482,0
DA:500,0
DA:507,0
DA:520,0
DA:525,0
DA:533,0
DA:536,0
DA:540,0
DA:546,0
DA:547,0
DA:548,0
DA:549,0
DA:553,0
DA:554,0
DA:555,0
DA:559,0
DA:613,0
DA:638,0
DA:703,0
DA:729,0
DA:754,0
DA:802,0
LF:150
LH:0
BRDA:100,0,0,0
BRDA:100,0,1,0
BRDA:100,0,2,0
BRDA:100,0,3,0
BRDA:100,0,4,0
BRDA:100,0,5,0
BRDA:100,0,6,0
BRDA:100,0,7,0
BRDA:100,0,8,0
BRDA:100,0,9,0
BRDA:100,0,10,0
BRDA:100,0,11,0
BRDA:109,1,0,0
BRDA:109,1,1,0
BRDA:110,2,0,0
BRDA:110,2,1,0
BRDA:111,3,0,0
BRDA:111,3,1,0
BRDA:111,4,0,0
BRDA:111,4,1,0
BRDA:112,5,0,0
BRDA:112,5,1,0
BRDA:112,6,0,0
BRDA:112,6,1,0
BRDA:114,7,0,0
BRDA:114,7,1,0
BRDA:123,8,0,0
BRDA:123,8,1,0
BRDA:143,9,0,0
BRDA:145,10,0,0
BRDA:162,11,0,0
BRDA:171,12,0,0
BRDA:171,12,1,0
BRDA:194,13,0,0
BRDA:195,14,0,0
BRDA:206,15,0,0
BRDA:207,16,0,0
BRDA:217,17,0,0
BRDA:218,18,0,0
BRDA:327,19,0,0
BRDA:343,20,0,0
BRDA:354,21,0,0
BRDA:354,21,1,0
BRDA:366,22,0,0
BRDA:366,22,1,0
BRDA:379,23,0,0
BRDA:379,23,1,0
BRDA:387,24,0,0
BRDA:387,24,1,0
BRDA:411,25,0,0
BRDA:411,25,1,0
BRDA:468,26,0,0
BRDA:468,26,1,0
BRDA:500,27,0,0
BRDA:500,27,1,0
BRDA:507,28,0,0
BRDA:507,28,1,0
BRDA:513,29,0,0
BRDA:513,29,1,0
BRDA:540,30,0,0
BRDA:540,30,1,0
BRDA:546,31,0,0
BRDA:548,32,0,0
BRDA:554,33,0,0
BRDA:711,34,0,0
BRDA:711,34,1,0
BRDA:747,35,0,0
BRDA:747,35,1,0
BRDA:768,36,0,0
BRDA:768,36,1,0
BRDA:777,37,0,0
BRDA:777,37,1,0
BRF:72
BRH:0
end_of_record
TN:
SF:src\pages\Transactions\Transactions.tsx
FN:33,(anonymous_6)
FN:74,(anonymous_7)
FN:75,(anonymous_8)
FN:85,(anonymous_9)
FN:87,(anonymous_10)
FN:96,(anonymous_11)
FN:121,(anonymous_12)
FN:123,(anonymous_13)
FN:126,(anonymous_14)
FN:128,(anonymous_15)
FN:131,(anonymous_16)
FN:131,(anonymous_17)
FN:133,(anonymous_18)
FN:140,(anonymous_19)
FN:140,(anonymous_20)
FN:151,(anonymous_21)
FN:162,(anonymous_22)
FN:173,(anonymous_23)
FN:181,(anonymous_24)
FN:189,(anonymous_25)
FN:206,(anonymous_26)
FN:225,(anonymous_27)
FN:234,(anonymous_28)
FN:250,(anonymous_29)
FN:253,(anonymous_30)
FN:263,(anonymous_31)
FN:266,(anonymous_32)
FN:276,(anonymous_33)
FN:292,(anonymous_34)
FN:317,(anonymous_35)
FN:328,(anonymous_36)
FN:346,(anonymous_37)
FN:357,(anonymous_38)
FN:391,(anonymous_39)
FN:407,(anonymous_40)
FN:418,(anonymous_41)
FN:437,(anonymous_42)
FN:467,(anonymous_43)
FN:565,(anonymous_44)
FN:591,(anonymous_45)
FN:654,(anonymous_46)
FN:680,(anonymous_47)
FNF:42
FNH:0
FNDA:0,(anonymous_6)
FNDA:0,(anonymous_7)
FNDA:0,(anonymous_8)
FNDA:0,(anonymous_9)
FNDA:0,(anonymous_10)
FNDA:0,(anonymous_11)
FNDA:0,(anonymous_12)
FNDA:0,(anonymous_13)
FNDA:0,(anonymous_14)
FNDA:0,(anonymous_15)
FNDA:0,(anonymous_16)
FNDA:0,(anonymous_17)
FNDA:0,(anonymous_18)
FNDA:0,(anonymous_19)
FNDA:0,(anonymous_20)
FNDA:0,(anonymous_21)
FNDA:0,(anonymous_22)
FNDA:0,(anonymous_23)
FNDA:0,(anonymous_24)
FNDA:0,(anonymous_25)
FNDA:0,(anonymous_26)
FNDA:0,(anonymous_27)
FNDA:0,(anonymous_28)
FNDA:0,(anonymous_29)
FNDA:0,(anonymous_30)
FNDA:0,(anonymous_31)
FNDA:0,(anonymous_32)
FNDA:0,(anonymous_33)
FNDA:0,(anonymous_34)
FNDA:0,(anonymous_35)
FNDA:0,(anonymous_36)
FNDA:0,(anonymous_37)
FNDA:0,(anonymous_38)
FNDA:0,(anonymous_39)
FNDA:0,(anonymous_40)
FNDA:0,(anonymous_41)
FNDA:0,(anonymous_42)
FNDA:0,(anonymous_43)
FNDA:0,(anonymous_44)
FNDA:0,(anonymous_45)
FNDA:0,(anonymous_46)
FNDA:0,(anonymous_47)
DA:1,0
DA:2,0
DA:19,0
DA:20,0
DA:21,0
DA:29,0
DA:30,0
DA:31,0
DA:33,0
DA:34,0
DA:36,0
DA:37,0
DA:38,0
DA:39,0
DA:40,0
DA:42,0
DA:43,0
DA:45,0
DA:46,0
DA:48,0
DA:49,0
DA:50,0
DA:52,0
DA:53,0
DA:54,0
DA:56,0
DA:57,0
DA:59,0
DA:69,0
DA:70,0
DA:71,0
DA:72,0
DA:74,0
DA:75,0
DA:76,0
DA:77,0
DA:79,0
DA:80,0
DA:82,0
DA:85,0
DA:86,0
DA:88,0
DA:96,0
DA:97,0
DA:98,0
DA:102,0
DA:108,0
DA:121,0
DA:122,0
DA:123,0
DA:126,0
DA:128,0
DA:129,0
DA:131,0
DA:133,0
DA:134,0
DA:135,0
DA:136,0
DA:137,0
DA:138,0
DA:140,0
DA:141,0
DA:142,0
DA:143,0
DA:144,0
DA:145,0
DA:147,0
DA:151,0
DA:152,0
DA:153,0
DA:154,0
DA:155,0
DA:156,0
DA:157,0
DA:159,0
DA:160,0
DA:161,0
DA:163,0
DA:166,0
DA:168,0
DA:173,0
DA:174,0
DA:175,0
DA:176,0
DA:177,0
DA:181,0
DA:182,0
DA:183,0
DA:184,0
DA:185,0
DA:189,0
DA:190,0
DA:191,0
DA:192,0
DA:193,0
DA:197,0
DA:207,0
DA:208,0
DA:209,0
DA:210,0
DA:211,0
DA:212,0
DA:213,0
DA:214,0
DA:215,0
DA:216,0
DA:225,0
DA:234,0
DA:250,0
DA:254,0
DA:263,0
DA:267,0
DA:277,0
DA:278,0
DA:279,0
DA:280,0
DA:281,0
DA:293,0
DA:294,0
DA:295,0
DA:296,0
DA:297,0
DA:317,0
DA:328,0
DA:346,0
DA:357,0
DA:392,0
DA:408,0
DA:409,0
DA:418,0
DA:437,0
DA:467,0
DA:566,0
DA:592,0
DA:655,0
DA:681,0
DA:695,0
LF:137
LH:0
BRDA:88,0,0,0
BRDA:88,0,1,0
BRDA:88,0,2,0
BRDA:88,0,3,0
BRDA:88,0,4,0
BRDA:88,0,5,0
BRDA:88,0,6,0
BRDA:88,0,7,0
BRDA:88,0,8,0
BRDA:88,0,9,0
BRDA:88,0,10,0
BRDA:88,0,11,0
BRDA:97,1,0,0
BRDA:97,1,1,0
BRDA:98,2,0,0
BRDA:98,2,1,0
BRDA:99,3,0,0
BRDA:99,3,1,0
BRDA:99,4,0,0
BRDA:99,4,1,0
BRDA:100,5,0,0
BRDA:100,5,1,0
BRDA:100,6,0,0
BRDA:100,6,1,0
BRDA:102,7,0,0
BRDA:102,7,1,0
BRDA:136,8,0,0
BRDA:140,9,0,0
BRDA:153,10,0,0
BRDA:155,11,0,0
BRDA:163,12,0,0
BRDA:163,12,1,0
BRDA:176,13,0,0
BRDA:184,14,0,0
BRDA:192,15,0,0
BRDA:279,16,0,0
BRDA:295,17,0,0
BRDA:306,18,0,0
BRDA:306,18,1,0
BRDA:317,19,0,0
BRDA:317,19,1,0
BRDA:328,20,0,0
BRDA:328,20,1,0
BRDA:335,21,0,0
BRDA:335,21,1,0
BRDA:367,22,0,0
BRDA:367,22,1,0
BRDA:424,23,0,0
BRDA:424,23,1,0
BRDA:460,24,0,0
BRDA:460,24,1,0
BRDA:486,25,0,0
BRDA:486,25,1,0
BRDA:494,26,0,0
BRDA:494,26,1,0
BRDA:574,27,0,0
BRDA:574,27,1,0
BRDA:663,28,0,0
BRDA:663,28,1,0
BRF:59
BRH:0
end_of_record
TN:
SF:src\routing\ProtectedRoute.tsx
FN:9,(anonymous_0)
FN:10,(anonymous_1)
FNF:2
FNH:0
FNDA:0,(anonymous_0)
FNDA:0,(anonymous_1)
DA:2,0
DA:3,0
DA:9,0
DA:10,0
DA:11,0
DA:12,0
DA:13,0
DA:15,0
LF:8
LH:0
BRDA:12,0,0,0
BRDA:12,0,1,0
BRF:2
BRH:0
end_of_record
TN:
SF:src\routing\Router.tsx
FNF:0
FNH:0
DA:1,0
DA:2,0
DA:3,0
DA:4,0
DA:5,0
DA:6,0
DA:7,0
DA:8,0
DA:9,0
DA:10,0
DA:11,0
DA:12,0
DA:13,0
DA:14,0
DA:15,0
DA:16,0
DA:17,0
DA:18,0
DA:19,0
DA:20,0
LF:20
LH:0
BRF:0
BRH:0
end_of_record
TN:
SF:src\types\budgetInterfaces.ts
FN:5,(anonymous_0)
FNF:1
FNH:1
FNDA:1,(anonymous_0)
DA:5,1
DA:6,1
DA:7,1
DA:8,1
DA:9,1
LF:5
LH:5
BRDA:5,0,0,1
BRDA:5,0,1,1
BRF:2
BRH:2
end_of_record
TN:
SF:src\types\models.ts
FN:1,(anonymous_0)
FNF:1
FNH:1
FNDA:1,(anonymous_0)
DA:1,1
DA:2,1
DA:3,1
DA:4,1
DA:5,1
DA:6,1
DA:7,1
DA:8,1
DA:9,1
DA:10,1
LF:10
LH:10
BRDA:1,0,0,1
BRDA:1,0,1,1
BRF:2
BRH:2
end_of_record
TN:
SF:src\util\helpers.ts
FN:13,formatCurrency
FN:29,formatDate
FNF:2
FNH:1
FNDA:2,formatCurrency
FNDA:0,formatDate
DA:1,1
DA:13,1
DA:14,2
DA:15,2
DA:16,2
DA:17,0
DA:19,2
DA:25,2
DA:26,2
DA:29,1
DA:30,0
DA:31,0
DA:32,0
DA:34,0
LF:14
LH:9
BRDA:13,0,0,2
BRDA:14,1,0,0
BRDA:14,1,1,2
BRDA:15,2,0,2
BRDA:16,3,0,0
BRDA:25,4,0,0
BRF:6
BRH:3
end_of_record
TN:
SF:src\util\util.ts
FN:1,(anonymous_0)
FN:1,(anonymous_1)
FN:4,(anonymous_2)
FN:5,(anonymous_3)
FN:6,(anonymous_4)
FN:12,getCurrentMonthYear
FNF:6
FNH:0
FNDA:0,(anonymous_0)
FNDA:0,(anonymous_1)
FNDA:0,(anonymous_2)
FNDA:0,(anonymous_3)
FNDA:0,(anonymous_4)
FNDA:0,getCurrentMonthYear
DA:1,0
DA:4,0
DA:5,0
DA:6,0
DA:7,0
DA:12,0
DA:13,0
DA:14,0
DA:15,0
DA:19,0
DA:22,0
DA:23,0
DA:25,0
LF:13
LH:0
BRDA:19,0,0,0
BRDA:19,0,1,0
BRF:2
BRH:0
end_of_record
TN:
SF:src\util\redux\authSlice.ts
FN:15,(anonymous_0)
FNF:1
FNH:0
FNDA:0,(anonymous_0)
DA:1,1
DA:7,1
DA:11,1
DA:16,0
DA:22,1
DA:23,1
LF:6
LH:5
BRF:0
BRH:0
end_of_record
TN:
SF:src\util\redux\bucketSlice.ts
FN:11,(anonymous_0)
FN:15,(anonymous_1)
FN:28,(anonymous_2)
FNF:3
FNH:0
FNDA:0,(anonymous_0)
FNDA:0,(anonymous_1)
FNDA:0,(anonymous_2)
DA:1,1
DA:4,1
DA:12,0
DA:13,0
DA:15,0
DA:16,0
DA:17,0
DA:18,0
DA:20,0
DA:23,0
DA:24,0
DA:29,0
DA:30,0
DA:35,1
DA:37,1
LF:15
LH:4
BRDA:16,0,0,0
BRDA:16,0,1,0
BRF:2
BRH:0
end_of_record
TN:
SF:src\util\redux\budgetSlice.ts
FN:33,(anonymous_0)
FN:38,(anonymous_1)
FN:43,(anonymous_2)
FN:45,(anonymous_3)
FN:57,(anonymous_4)
FN:63,(anonymous_5)
FNF:6
FNH:0
FNDA:0,(anonymous_0)
FNDA:0,(anonymous_1)
FNDA:0,(anonymous_2)
FNDA:0,(anonymous_3)
FNDA:0,(anonymous_4)
FNDA:0,(anonymous_5)
DA:1,1
DA:5,1
DA:6,1
DA:7,1
DA:8,1
DA:9,1
DA:13,1
DA:14,1
DA:15,1
DA:18,1
DA:34,0
DA:35,0
DA:39,0
DA:40,0
DA:43,0
DA:44,0
DA:45,0
DA:46,0
DA:47,0
DA:48,0
DA:50,0
DA:53,0
DA:58,0
DA:59,0
DA:64,0
DA:65,0
DA:66,0
DA:67,0
DA:71,0
DA:74,0
DA:75,0
DA:77,0
DA:79,0
DA:80,0
DA:81,0
DA:82,0
DA:87,1
DA:89,1
LF:38
LH:12
BRDA:13,0,0,0
BRDA:13,0,1,1
BRDA:46,1,0,0
BRDA:46,1,1,0
BRDA:71,2,0,0
BRDA:71,2,1,0
BRF:6
BRH:1
end_of_record
TN:
SF:src\util\redux\formSubmissionStateSlice.ts
FN:13,(anonymous_0)
FN:20,(anonymous_1)
FN:27,(anonymous_2)
FN:36,(anonymous_3)
FNF:4
FNH:0
FNDA:0,(anonymous_0)
FNDA:0,(anonymous_1)
FNDA:0,(anonymous_2)
FNDA:0,(anonymous_3)
DA:1,1
DA:2,1
DA:4,1
DA:14,0
DA:15,0
DA:17,0
DA:21,0
DA:22,0
DA:24,0
DA:28,0
DA:29,0
DA:30,0
DA:31,0
DA:33,0
DA:37,0
DA:38,0
DA:40,0
DA:46,1
DA:48,1
LF:19
LH:5
BRDA:14,0,0,0
BRDA:14,0,1,0
BRDA:21,1,0,0
BRDA:21,1,1,0
BRDA:28,2,0,0
BRDA:28,2,1,0
BRDA:30,3,0,0
BRDA:30,3,1,0
BRDA:37,4,0,0
BRDA:37,4,1,0
BRF:10
BRH:0
end_of_record
TN:
SF:src\util\redux\hooks.ts
FNF:0
FNH:0
DA:1,0
DA:5,0
DA:6,0
DA:7,0
LF:4
LH:0
BRF:0
BRH:0
end_of_record
TN:
SF:src\util\redux\simpleSubmissionSlice.ts
FN:17,(anonymous_0)
FNF:1
FNH:0
FNDA:0,(anonymous_0)
DA:1,1
DA:9,1
DA:13,1
DA:18,0
DA:24,1
DA:25,1
LF:6
LH:5
BRF:0
BRH:0
end_of_record
TN:
SF:src\util\redux\store.ts
FNF:0
FNH:0
DA:1,1
DA:2,1
DA:3,1
DA:4,1
DA:5,1
DA:6,1
DA:7,1
DA:8,1
DA:9,1
DA:10,1
DA:11,1
DA:13,1
LF:12
LH:12
BRF:0
BRH:0
end_of_record
TN:
SF:src\util\redux\summarySlice.ts
FN:10,(anonymous_0)
FNF:1
FNH:0
FNDA:0,(anonymous_0)
DA:1,0
DA:3,0
DA:11,0
DA:16,0
DA:18,0
LF:5
LH:0
BRF:0
BRH:0
end_of_record
TN:
SF:src\util\redux\userSlice.ts
FN:9,(anonymous_0)
FNF:1
FNH:0
FNDA:0,(anonymous_0)
DA:1,1
DA:3,1
DA:10,0
DA:11,0
DA:16,1
DA:18,1
LF:6
LH:4
BRF:0
BRH:0
end_of_record
TN:
SF:src\utils\transactionService.ts
FN:5,(anonymous_0)
FN:8,(anonymous_1)
FN:14,(anonymous_2)
FN:18,(anonymous_3)
FN:21,(anonymous_4)
FN:27,(anonymous_5)
FN:30,(anonymous_6)
FN:36,(anonymous_7)
FN:43,(anonymous_8)
FN:46,(anonymous_9)
FN:52,(anonymous_10)
FNF:11
FNH:1
FNDA:1,(anonymous_0)
FNDA:0,(anonymous_1)
FNDA:0,(anonymous_2)
FNDA:0,(anonymous_3)
FNDA:0,(anonymous_4)
FNDA:0,(anonymous_5)
FNDA:0,(anonymous_6)
FNDA:0,(anonymous_7)
FNDA:0,(anonymous_8)
FNDA:0,(anonymous_9)
FNDA:0,(anonymous_10)
DA:2,1
DA:3,1
DA:5,1
DA:7,1
DA:9,0
DA:14,1
DA:15,0
DA:18,1
DA:20,0
DA:22,0
DA:27,1
DA:29,0
DA:31,0
DA:36,1
DA:39,0
DA:40,0
DA:43,1
DA:45,0
DA:47,0
DA:52,1
DA:53,0
DA:54,0
DA:56,0
DA:57,0
DA:59,0
DA:60,0
DA:62,0
DA:63,0
DA:64,0
DA:65,0
DA:66,0
DA:67,0
DA:69,0
DA:70,0
DA:72,0
DA:73,0
DA:75,0
DA:76,0
DA:78,0
DA:79,0
DA:81,0
DA:82,0
DA:84,0
LF:43
LH:10
BRDA:56,0,0,0
BRDA:56,1,0,0
BRDA:56,1,1,0
BRDA:59,2,0,0
BRDA:62,3,0,0
BRDA:62,3,1,0
BRDA:64,4,0,0
BRDA:64,4,1,0
BRDA:66,5,0,0
BRDA:69,6,0,0
BRDA:72,7,0,0
BRDA:75,8,0,0
BRDA:78,9,0,0
BRDA:81,10,0,0
BRF:14
BRH:0
end_of_record
